#
# A fatal error has been detected by the Java Runtime Environment:
#
#  EXCEPTION_ACCESS_VIOLATION (0xc0000005) at pc=0x0000000074edd5e6, pid=6064, tid=14748
#
# JRE version: Java(TM) SE Runtime Environment (10.0.2+13) (build 10.0.2+13)
# Java VM: Java HotSpot(TM) 64-Bit Server VM (10.0.2+13, mixed mode, tiered, compressed oops, g1 gc, windows-amd64)
# Problematic frame:
# V  [jvm.dll+0x61d5e6]
#
# No core dump will be written. Minidumps are not enabled by default on client versions of Windows
#
# If you would like to submit a bug report, please visit:
#   http://bugreport.java.com/bugreport/crash.jsp
#

---------------  S U M M A R Y ------------

Command Line: -agentlib:jdwp=transport=dt_socket,address=127.0.0.1:50149,suspend=y,server=n -javaagent:C:\Users\pawan\.IntelliJIdea2018.2\system\captureAgent\debugger-agent.jar=file:/C:/Users/pawan/AppData/Local/Temp/capture.props -Dfile.encoding=UTF-8 MainPart2

Host: Intel(R) Core(TM) i7-8750H CPU @ 2.20GHz, 12 cores, 7G,  Windows 10 , 64 bit Build 16299 (10.0.16299.431)
Time: Tue Aug 21 01:34:58 2018 Eastern Daylight Time elapsed time: 168 seconds (0d 0h 2m 48s)

---------------  T H R E A D  ---------------

Current thread (0x000002e37f9bd000):  VMThread "VM Thread" [stack: 0x000000fd12500000,0x000000fd12600000] [id=14748]

Stack: [0x000000fd12500000,0x000000fd12600000],  sp=0x000000fd125febe0,  free space=1018k
Native frames: (J=compiled Java code, j=interpreted, Vv=VM code, C=native code)
V  [jvm.dll+0x61d5e6]
V  [jvm.dll+0x31dcf3]
V  [jvm.dll+0x31fd53]
V  [jvm.dll+0x32034e]
V  [jvm.dll+0x31da85]
V  [jvm.dll+0x31cee3]
V  [jvm.dll+0x59097f]
V  [jvm.dll+0x590d66]
V  [jvm.dll+0x590b26]
V  [jvm.dll+0x55c148]
V  [jvm.dll+0x473bca]
V  [jvm.dll+0x6c47bc]
V  [jvm.dll+0x6c2f25]
V  [jvm.dll+0x6c3730]
V  [jvm.dll+0x6c3a6c]
V  [jvm.dll+0x59f4b0]
C  [msvcr120.dll+0x24f7f]
C  [msvcr120.dll+0x25126]
C  [KERNEL32.DLL+0x11fe4]
C  [ntdll.dll+0x6cb31]


siginfo: EXCEPTION_ACCESS_VIOLATION (0xc0000005), reading address 0x0000000000000006


Register to memory mapping:

RIP=0x0000000074edd5e6 jvm.dll
RAX=0x0000000000000000 is an unknown value
RBX=0x0000000000000000 is an unknown value
RCX=0x000000fd125fec40 is an unknown value
RDX=0x0000000000000000 is an unknown value
RSP=0x000000fd125febe0 is an unknown value
RBP=0x000000fd125ff160 is an unknown value
RSI=0x0000000000000000 is an unknown value
RDI=0x000000fd125ff2e0 is an unknown value
R8 =0x0000000000000000 is an unknown value
R9 =0x000002e3133c3130 is pointing into metadata
R10=0x000002e37f852bc8 is an unknown value
R11=0x000000fd125ff0a0 is an unknown value
R12=0x000000007503d601 jvm.dll
R13=0x0000000000000000 is an unknown value
R14=0x0000000000000006 is an unknown value
R15=0x00000000000000f0 is an unknown value


Registers:
RAX=0x0000000000000000, RBX=0x0000000000000000, RCX=0x000000fd125fec40, RDX=0x0000000000000000
RSP=0x000000fd125febe0, RBP=0x000000fd125ff160, RSI=0x0000000000000000, RDI=0x000000fd125ff2e0
R8 =0x0000000000000000, R9 =0x000002e3133c3130, R10=0x000002e37f852bc8, R11=0x000000fd125ff0a0
R12=0x000000007503d601, R13=0x0000000000000000, R14=0x0000000000000006, R15=0x00000000000000f0
RIP=0x0000000074edd5e6, EFLAGS=0x0000000000010202

Top of Stack: (sp=0x000000fd125febe0)
0x000000fd125febe0:   000000fd125fec40 0000000074eddb9c
0x000000fd125febf0:   0000000000000000 0000000000000000
0x000000fd125fec00:   0000000000000000 0000000074bddcf3
0x000000fd125fec10:   0000000000000000 000000fd125ff2e0
0x000000fd125fec20:   000000fd125fec80 0000000000000000
0x000000fd125fec30:   0000000000000000 0000000000000000
0x000000fd125fec40:   0000000075088488 0000000000000000
0x000000fd125fec50:   0000000000000000 000000fd0000000e
0x000000fd125fec60:   000000fd125fec70 0000000000000000
0x000000fd125fec70:   0000000000000000 0000000000000000
0x000000fd125fec80:   4fffffff4fffffff 000002e34fffffff
0x000000fd125fec90:   0000000000000014 000000000000000e
0x000000fd125feca0:   000000fd125fecc0 0000000000000002
0x000000fd125fecb0:   0000000000000000 0000000000000000
0x000000fd125fecc0:   4fffffff4fffffff 0000000000000000
0x000000fd125fecd0:   0000000000000000 0000000074edd3c8 

Instructions: (pc=0x0000000074edd5e6)
0x0000000074edd5c6:   61 00 8d d5 61 00 cc cc cc cc 40 53 48 83 ec 20
0x0000000074edd5d6:   48 8b 41 08 c7 41 10 00 00 00 00 48 89 7c 24 38
0x0000000074edd5e6:   80 78 06 28 48 8b d9 74 22 41 b9 28 00 00 00 4c
0x0000000074edd5f6:   8d 05 64 38 1f 00 48 8d 0d 6d 38 1f 00 41 8d 51 


VM_Operation (0x000000fd130ff570): GetOrSetLocal, mode: safepoint, requested by thread 0x000002e31375e800


---------------  P R O C E S S  ---------------

Threads class SMR info:
_java_thread_list=0x000002e37fdce360, length=15, elements={
0x000002e370940800, 0x000002e37f9c1800, 0x000002e37f9c2000, 0x000002e37fa21800,
0x000002e37fa24000, 0x000002e37fa25000, 0x000002e37fa2f800, 0x000002e37fa33800,
0x000002e37f9c6000, 0x000002e37fa3c000, 0x000002e31375e800, 0x000002e313a76800,
0x000002e3138a8000, 0x000002e3137b6800, 0x000002e37fd9b000
}

Java Threads: ( => current thread )
  0x000002e370940800 JavaThread "main" [_thread_blocked, id=12964, stack(0x000000fd10b00000,0x000000fd10c00000)]
  0x000002e37f9c1800 JavaThread "Reference Handler" daemon [_thread_blocked, id=7004, stack(0x000000fd12600000,0x000000fd12700000)]
  0x000002e37f9c2000 JavaThread "Finalizer" daemon [_thread_blocked, id=15444, stack(0x000000fd12700000,0x000000fd12800000)]
  0x000002e37fa21800 JavaThread "Signal Dispatcher" daemon [_thread_blocked, id=1756, stack(0x000000fd12900000,0x000000fd12a00000)]
  0x000002e37fa24000 JavaThread "Attach Listener" daemon [_thread_blocked, id=16152, stack(0x000000fd12a00000,0x000000fd12b00000)]
  0x000002e37fa25000 JavaThread "C2 CompilerThread0" daemon [_thread_blocked, id=2140, stack(0x000000fd12b00000,0x000000fd12c00000)]
  0x000002e37fa2f800 JavaThread "C2 CompilerThread1" daemon [_thread_blocked, id=14888, stack(0x000000fd12c00000,0x000000fd12d00000)]
  0x000002e37fa33800 JavaThread "C2 CompilerThread2" daemon [_thread_blocked, id=11428, stack(0x000000fd12d00000,0x000000fd12e00000)]
  0x000002e37f9c6000 JavaThread "C1 CompilerThread3" daemon [_thread_blocked, id=12892, stack(0x000000fd12e00000,0x000000fd12f00000)]
  0x000002e37fa3c000 JavaThread "Sweeper thread" daemon [_thread_blocked, id=7980, stack(0x000000fd12f00000,0x000000fd13000000)]
  0x000002e31375e800 JavaThread "JDWP Transport Listener: dt_socket" daemon [_thread_blocked, id=13816, stack(0x000000fd13000000,0x000000fd13100000)] _threads_hazard_ptr=0x000002e37fdce360
  0x000002e313a76800 JavaThread "JDWP Event Helper Thread" daemon [_thread_blocked, id=1832, stack(0x000000fd13100000,0x000000fd13200000)]
  0x000002e3138a8000 JavaThread "JDWP Command Reader" daemon [_thread_in_native, id=16300, stack(0x000000fd13200000,0x000000fd13300000)]
  0x000002e3137b6800 JavaThread "Common-Cleaner" daemon [_thread_blocked, id=2884, stack(0x000000fd13300000,0x000000fd13400000)]
  0x000002e37fd9b000 JavaThread "Service Thread" daemon [_thread_blocked, id=12636, stack(0x000000fd13400000,0x000000fd13500000)]

Other Threads:
=>0x000002e37f9bd000 VMThread "VM Thread" [stack: 0x000000fd12500000,0x000000fd12600000] [id=14748]
  0x000002e313837800 WatcherThread [stack: 0x000000fd13500000,0x000000fd13600000] [id=7508]
  0x000002e37095b000 GCTaskThread "GC Thread#0" [stack: 0x000000fd10c00000,0x000000fd10d00000] [id=1076]
  0x000002e37095c800 GCTaskThread "GC Thread#1" [stack: 0x000000fd10d00000,0x000000fd10e00000] [id=16024]
  0x000002e37095f000 GCTaskThread "GC Thread#2" [stack: 0x000000fd10e00000,0x000000fd10f00000] [id=1452]
  0x000002e370962000 GCTaskThread "GC Thread#3" [stack: 0x000000fd10f00000,0x000000fd11000000] [id=11440]
  0x000002e370967800 GCTaskThread "GC Thread#4" [stack: 0x000000fd11000000,0x000000fd11100000] [id=12764]
  0x000002e37096b000 GCTaskThread "GC Thread#5" [stack: 0x000000fd11100000,0x000000fd11200000] [id=4512]
  0x000002e37096c800 GCTaskThread "GC Thread#6" [stack: 0x000000fd11200000,0x000000fd11300000] [id=1400]
  0x000002e370972000 GCTaskThread "GC Thread#7" [stack: 0x000000fd11300000,0x000000fd11400000] [id=6584]
  0x000002e370977000 GCTaskThread "GC Thread#8" [stack: 0x000000fd11400000,0x000000fd11500000] [id=1744]
  0x000002e370977800 GCTaskThread "GC Thread#9" [stack: 0x000000fd11500000,0x000000fd11600000] [id=15332]
  0x000002e3709f9000 ConcurrentGCThread "G1 Main Marker" [stack: 0x000000fd11600000,0x000000fd11700000] [id=3836]
  0x000002e370974800 ConcurrentGCThread "G1 Conc#0" [stack: 0x000000fd11700000,0x000000fd11800000] [id=16252]
  0x000002e370978000 ConcurrentGCThread "G1 Conc#1" [stack: 0x000000fd11800000,0x000000fd11900000] [id=2188]
  0x000002e370975000 ConcurrentGCThread "G1 Conc#2" [stack: 0x000000fd11900000,0x000000fd11a00000] [id=1124]
  0x000002e37f834800 ConcurrentGCThread "G1 Refine#0" [stack: 0x000000fd11a00000,0x000000fd11b00000] [id=11184]
  0x000002e37f835800 ConcurrentGCThread "G1 Refine#1" [stack: 0x000000fd11b00000,0x000000fd11c00000] [id=8212]
  0x000002e37f837000 ConcurrentGCThread "G1 Refine#2" [stack: 0x000000fd11c00000,0x000000fd11d00000] [id=5416]
  0x000002e37f83a000 ConcurrentGCThread "G1 Refine#3" [stack: 0x000000fd11d00000,0x000000fd11e00000] [id=14928]
  0x000002e37f83b000 ConcurrentGCThread "G1 Refine#4" [stack: 0x000000fd11e00000,0x000000fd11f00000] [id=8600]
  0x000002e37f83c800 ConcurrentGCThread "G1 Refine#5" [stack: 0x000000fd11f00000,0x000000fd12000000] [id=15364]
  0x000002e37f847000 ConcurrentGCThread "G1 Refine#6" [stack: 0x000000fd12000000,0x000000fd12100000] [id=4756]
  0x000002e37097a000 ConcurrentGCThread "G1 Refine#7" [stack: 0x000000fd12100000,0x000000fd12200000] [id=12380]
  0x000002e370979000 ConcurrentGCThread "G1 Refine#8" [stack: 0x000000fd12200000,0x000000fd12300000] [id=9572]
  0x000002e370979800 ConcurrentGCThread "G1 Refine#9" [stack: 0x000000fd12300000,0x000000fd12400000] [id=13160]
  0x000002e37f852000 ConcurrentGCThread "G1 Young RemSet Sampling" [stack: 0x000000fd12400000,0x000000fd12500000] [id=15988]

Threads with active compile tasks:

VM state:at safepoint (normal execution)

VM Mutex/Monitor currently owned by a thread:  ([mutex/lock_event])
[0x000002e3709403b0] Threads_lock - owner thread: 0x000002e37f9bd000

Heap address: 0x0000000083200000, size: 1998 MB, Compressed Oops mode: 32-bit
Narrow klass base: 0x0000000000000000, Narrow klass shift: 3
Compressed class space size: 1073741824 Address: 0x0000000100000000

Heap:
 garbage-first heap   total 129024K, used 3072K [0x0000000083200000, 0x0000000100000000)
  region size 1024K, 4 young (4096K), 0 survivors (0K)
 Metaspace       used 5260K, capacity 5392K, committed 5632K, reserved 1056768K
  class space    used 435K, capacity 496K, committed 512K, reserved 1048576K
Heap Regions: E=young(eden), S=young(survivor), O=old, HS=humongous(starts), HC=humongous(continues), CS=collection set, F=free, A=archive, TS=gc time stamp, AC=allocation context, TAMS=top-at-mark-start (previous, next)
|   0|0x0000000083200000, 0x0000000083200000, 0x0000000083300000|  0%| F|  |TS  0|AC  0|TAMS 0x0000000083200000, 0x0000000083200000|
|   1|0x0000000083300000, 0x0000000083300000, 0x0000000083400000|  0%| F|  |TS  0|AC  0|TAMS 0x0000000083300000, 0x0000000083300000|
|   2|0x0000000083400000, 0x0000000083400000, 0x0000000083500000|  0%| F|  |TS  0|AC  0|TAMS 0x0000000083400000, 0x0000000083400000|
|   3|0x0000000083500000, 0x0000000083500000, 0x0000000083600000|  0%| F|  |TS  0|AC  0|TAMS 0x0000000083500000, 0x0000000083500000|
|   4|0x0000000083600000, 0x0000000083600000, 0x0000000083700000|  0%| F|  |TS  0|AC  0|TAMS 0x0000000083600000, 0x0000000083600000|
|   5|0x0000000083700000, 0x0000000083700000, 0x0000000083800000|  0%| F|  |TS  0|AC  0|TAMS 0x0000000083700000, 0x0000000083700000|
|   6|0x0000000083800000, 0x0000000083800000, 0x0000000083900000|  0%| F|  |TS  0|AC  0|TAMS 0x0000000083800000, 0x0000000083800000|
|   7|0x0000000083900000, 0x0000000083900000, 0x0000000083a00000|  0%| F|  |TS  0|AC  0|TAMS 0x0000000083900000, 0x0000000083900000|
|   8|0x0000000083a00000, 0x0000000083a00000, 0x0000000083b00000|  0%| F|  |TS  0|AC  0|TAMS 0x0000000083a00000, 0x0000000083a00000|
|   9|0x0000000083b00000, 0x0000000083b00000, 0x0000000083c00000|  0%| F|  |TS  0|AC  0|TAMS 0x0000000083b00000, 0x0000000083b00000|
|  10|0x0000000083c00000, 0x0000000083c00000, 0x0000000083d00000|  0%| F|  |TS  0|AC  0|TAMS 0x0000000083c00000, 0x0000000083c00000|
|  11|0x0000000083d00000, 0x0000000083d00000, 0x0000000083e00000|  0%| F|  |TS  0|AC  0|TAMS 0x0000000083d00000, 0x0000000083d00000|
|  12|0x0000000083e00000, 0x0000000083e00000, 0x0000000083f00000|  0%| F|  |TS  0|AC  0|TAMS 0x0000000083e00000, 0x0000000083e00000|
|  13|0x0000000083f00000, 0x0000000083f00000, 0x0000000084000000|  0%| F|  |TS  0|AC  0|TAMS 0x0000000083f00000, 0x0000000083f00000|
|  14|0x0000000084000000, 0x0000000084000000, 0x0000000084100000|  0%| F|  |TS  0|AC  0|TAMS 0x0000000084000000, 0x0000000084000000|
|  15|0x0000000084100000, 0x0000000084100000, 0x0000000084200000|  0%| F|  |TS  0|AC  0|TAMS 0x0000000084100000, 0x0000000084100000|
|  16|0x0000000084200000, 0x0000000084200000, 0x0000000084300000|  0%| F|  |TS  0|AC  0|TAMS 0x0000000084200000, 0x0000000084200000|
|  17|0x0000000084300000, 0x0000000084300000, 0x0000000084400000|  0%| F|  |TS  0|AC  0|TAMS 0x0000000084300000, 0x0000000084300000|
|  18|0x0000000084400000, 0x0000000084400000, 0x0000000084500000|  0%| F|  |TS  0|AC  0|TAMS 0x0000000084400000, 0x0000000084400000|
|  19|0x0000000084500000, 0x0000000084500000, 0x0000000084600000|  0%| F|  |TS  0|AC  0|TAMS 0x0000000084500000, 0x0000000084500000|
|  20|0x0000000084600000, 0x0000000084600000, 0x0000000084700000|  0%| F|  |TS  0|AC  0|TAMS 0x0000000084600000, 0x0000000084600000|
|  21|0x0000000084700000, 0x0000000084700000, 0x0000000084800000|  0%| F|  |TS  0|AC  0|TAMS 0x0000000084700000, 0x0000000084700000|
|  22|0x0000000084800000, 0x0000000084800000, 0x0000000084900000|  0%| F|  |TS  0|AC  0|TAMS 0x0000000084800000, 0x0000000084800000|
|  23|0x0000000084900000, 0x0000000084900000, 0x0000000084a00000|  0%| F|  |TS  0|AC  0|TAMS 0x0000000084900000, 0x0000000084900000|
|  24|0x0000000084a00000, 0x0000000084a00000, 0x0000000084b00000|  0%| F|  |TS  0|AC  0|TAMS 0x0000000084a00000, 0x0000000084a00000|
|  25|0x0000000084b00000, 0x0000000084b00000, 0x0000000084c00000|  0%| F|  |TS  0|AC  0|TAMS 0x0000000084b00000, 0x0000000084b00000|
|  26|0x0000000084c00000, 0x0000000084c00000, 0x0000000084d00000|  0%| F|  |TS  0|AC  0|TAMS 0x0000000084c00000, 0x0000000084c00000|
|  27|0x0000000084d00000, 0x0000000084d00000, 0x0000000084e00000|  0%| F|  |TS  0|AC  0|TAMS 0x0000000084d00000, 0x0000000084d00000|
|  28|0x0000000084e00000, 0x0000000084e00000, 0x0000000084f00000|  0%| F|  |TS  0|AC  0|TAMS 0x0000000084e00000, 0x0000000084e00000|
|  29|0x0000000084f00000, 0x0000000084f00000, 0x0000000085000000|  0%| F|  |TS  0|AC  0|TAMS 0x0000000084f00000, 0x0000000084f00000|
|  30|0x0000000085000000, 0x0000000085000000, 0x0000000085100000|  0%| F|  |TS  0|AC  0|TAMS 0x0000000085000000, 0x0000000085000000|
|  31|0x0000000085100000, 0x0000000085100000, 0x0000000085200000|  0%| F|  |TS  0|AC  0|TAMS 0x0000000085100000, 0x0000000085100000|
|  32|0x0000000085200000, 0x0000000085200000, 0x0000000085300000|  0%| F|  |TS  0|AC  0|TAMS 0x0000000085200000, 0x0000000085200000|
|  33|0x0000000085300000, 0x0000000085300000, 0x0000000085400000|  0%| F|  |TS  0|AC  0|TAMS 0x0000000085300000, 0x0000000085300000|
|  34|0x0000000085400000, 0x0000000085400000, 0x0000000085500000|  0%| F|  |TS  0|AC  0|TAMS 0x0000000085400000, 0x0000000085400000|
|  35|0x0000000085500000, 0x0000000085500000, 0x0000000085600000|  0%| F|  |TS  0|AC  0|TAMS 0x0000000085500000, 0x0000000085500000|
|  36|0x0000000085600000, 0x0000000085600000, 0x0000000085700000|  0%| F|  |TS  0|AC  0|TAMS 0x0000000085600000, 0x0000000085600000|
|  37|0x0000000085700000, 0x0000000085700000, 0x0000000085800000|  0%| F|  |TS  0|AC  0|TAMS 0x0000000085700000, 0x0000000085700000|
|  38|0x0000000085800000, 0x0000000085800000, 0x0000000085900000|  0%| F|  |TS  0|AC  0|TAMS 0x0000000085800000, 0x0000000085800000|
|  39|0x0000000085900000, 0x0000000085900000, 0x0000000085a00000|  0%| F|  |TS  0|AC  0|TAMS 0x0000000085900000, 0x0000000085900000|
|  40|0x0000000085a00000, 0x0000000085a00000, 0x0000000085b00000|  0%| F|  |TS  0|AC  0|TAMS 0x0000000085a00000, 0x0000000085a00000|
|  41|0x0000000085b00000, 0x0000000085b00000, 0x0000000085c00000|  0%| F|  |TS  0|AC  0|TAMS 0x0000000085b00000, 0x0000000085b00000|
|  42|0x0000000085c00000, 0x0000000085c00000, 0x0000000085d00000|  0%| F|  |TS  0|AC  0|TAMS 0x0000000085c00000, 0x0000000085c00000|
|  43|0x0000000085d00000, 0x0000000085d00000, 0x0000000085e00000|  0%| F|  |TS  0|AC  0|TAMS 0x0000000085d00000, 0x0000000085d00000|
|  44|0x0000000085e00000, 0x0000000085e00000, 0x0000000085f00000|  0%| F|  |TS  0|AC  0|TAMS 0x0000000085e00000, 0x0000000085e00000|
|  45|0x0000000085f00000, 0x0000000085f00000, 0x0000000086000000|  0%| F|  |TS  0|AC  0|TAMS 0x0000000085f00000, 0x0000000085f00000|
|  46|0x0000000086000000, 0x0000000086000000, 0x0000000086100000|  0%| F|  |TS  0|AC  0|TAMS 0x0000000086000000, 0x0000000086000000|
|  47|0x0000000086100000, 0x0000000086100000, 0x0000000086200000|  0%| F|  |TS  0|AC  0|TAMS 0x0000000086100000, 0x0000000086100000|
|  48|0x0000000086200000, 0x0000000086200000, 0x0000000086300000|  0%| F|  |TS  0|AC  0|TAMS 0x0000000086200000, 0x0000000086200000|
|  49|0x0000000086300000, 0x0000000086300000, 0x0000000086400000|  0%| F|  |TS  0|AC  0|TAMS 0x0000000086300000, 0x0000000086300000|
|  50|0x0000000086400000, 0x0000000086400000, 0x0000000086500000|  0%| F|  |TS  0|AC  0|TAMS 0x0000000086400000, 0x0000000086400000|
|  51|0x0000000086500000, 0x0000000086500000, 0x0000000086600000|  0%| F|  |TS  0|AC  0|TAMS 0x0000000086500000, 0x0000000086500000|
|  52|0x0000000086600000, 0x0000000086600000, 0x0000000086700000|  0%| F|  |TS  0|AC  0|TAMS 0x0000000086600000, 0x0000000086600000|
|  53|0x0000000086700000, 0x0000000086700000, 0x0000000086800000|  0%| F|  |TS  0|AC  0|TAMS 0x0000000086700000, 0x0000000086700000|
|  54|0x0000000086800000, 0x0000000086800000, 0x0000000086900000|  0%| F|  |TS  0|AC  0|TAMS 0x0000000086800000, 0x0000000086800000|
|  55|0x0000000086900000, 0x0000000086900000, 0x0000000086a00000|  0%| F|  |TS  0|AC  0|TAMS 0x0000000086900000, 0x0000000086900000|
|  56|0x0000000086a00000, 0x0000000086a00000, 0x0000000086b00000|  0%| F|  |TS  0|AC  0|TAMS 0x0000000086a00000, 0x0000000086a00000|
|  57|0x0000000086b00000, 0x0000000086b00000, 0x0000000086c00000|  0%| F|  |TS  0|AC  0|TAMS 0x0000000086b00000, 0x0000000086b00000|
|  58|0x0000000086c00000, 0x0000000086c00000, 0x0000000086d00000|  0%| F|  |TS  0|AC  0|TAMS 0x0000000086c00000, 0x0000000086c00000|
|  59|0x0000000086d00000, 0x0000000086d00000, 0x0000000086e00000|  0%| F|  |TS  0|AC  0|TAMS 0x0000000086d00000, 0x0000000086d00000|
|  60|0x0000000086e00000, 0x0000000086e00000, 0x0000000086f00000|  0%| F|  |TS  0|AC  0|TAMS 0x0000000086e00000, 0x0000000086e00000|
|  61|0x0000000086f00000, 0x0000000086f00000, 0x0000000087000000|  0%| F|  |TS  0|AC  0|TAMS 0x0000000086f00000, 0x0000000086f00000|
|  62|0x0000000087000000, 0x0000000087000000, 0x0000000087100000|  0%| F|  |TS  0|AC  0|TAMS 0x0000000087000000, 0x0000000087000000|
|  63|0x0000000087100000, 0x0000000087100000, 0x0000000087200000|  0%| F|  |TS  0|AC  0|TAMS 0x0000000087100000, 0x0000000087100000|
|  64|0x0000000087200000, 0x0000000087200000, 0x0000000087300000|  0%| F|  |TS  0|AC  0|TAMS 0x0000000087200000, 0x0000000087200000|
|  65|0x0000000087300000, 0x0000000087300000, 0x0000000087400000|  0%| F|  |TS  0|AC  0|TAMS 0x0000000087300000, 0x0000000087300000|
|  66|0x0000000087400000, 0x0000000087400000, 0x0000000087500000|  0%| F|  |TS  0|AC  0|TAMS 0x0000000087400000, 0x0000000087400000|
|  67|0x0000000087500000, 0x0000000087500000, 0x0000000087600000|  0%| F|  |TS  0|AC  0|TAMS 0x0000000087500000, 0x0000000087500000|
|  68|0x0000000087600000, 0x0000000087600000, 0x0000000087700000|  0%| F|  |TS  0|AC  0|TAMS 0x0000000087600000, 0x0000000087600000|
|  69|0x0000000087700000, 0x0000000087700000, 0x0000000087800000|  0%| F|  |TS  0|AC  0|TAMS 0x0000000087700000, 0x0000000087700000|
|  70|0x0000000087800000, 0x0000000087800000, 0x0000000087900000|  0%| F|  |TS  0|AC  0|TAMS 0x0000000087800000, 0x0000000087800000|
|  71|0x0000000087900000, 0x0000000087900000, 0x0000000087a00000|  0%| F|  |TS  0|AC  0|TAMS 0x0000000087900000, 0x0000000087900000|
|  72|0x0000000087a00000, 0x0000000087a00000, 0x0000000087b00000|  0%| F|  |TS  0|AC  0|TAMS 0x0000000087a00000, 0x0000000087a00000|
|  73|0x0000000087b00000, 0x0000000087b00000, 0x0000000087c00000|  0%| F|  |TS  0|AC  0|TAMS 0x0000000087b00000, 0x0000000087b00000|
|  74|0x0000000087c00000, 0x0000000087c00000, 0x0000000087d00000|  0%| F|  |TS  0|AC  0|TAMS 0x0000000087c00000, 0x0000000087c00000|
|  75|0x0000000087d00000, 0x0000000087d00000, 0x0000000087e00000|  0%| F|  |TS  0|AC  0|TAMS 0x0000000087d00000, 0x0000000087d00000|
|  76|0x0000000087e00000, 0x0000000087e00000, 0x0000000087f00000|  0%| F|  |TS  0|AC  0|TAMS 0x0000000087e00000, 0x0000000087e00000|
|  77|0x0000000087f00000, 0x0000000087f00000, 0x0000000088000000|  0%| F|  |TS  0|AC  0|TAMS 0x0000000087f00000, 0x0000000087f00000|
|  78|0x0000000088000000, 0x0000000088000000, 0x0000000088100000|  0%| F|  |TS  0|AC  0|TAMS 0x0000000088000000, 0x0000000088000000|
|  79|0x0000000088100000, 0x0000000088100000, 0x0000000088200000|  0%| F|  |TS  0|AC  0|TAMS 0x0000000088100000, 0x0000000088100000|
|  80|0x0000000088200000, 0x0000000088200000, 0x0000000088300000|  0%| F|  |TS  0|AC  0|TAMS 0x0000000088200000, 0x0000000088200000|
|  81|0x0000000088300000, 0x0000000088300000, 0x0000000088400000|  0%| F|  |TS  0|AC  0|TAMS 0x0000000088300000, 0x0000000088300000|
|  82|0x0000000088400000, 0x0000000088400000, 0x0000000088500000|  0%| F|  |TS  0|AC  0|TAMS 0x0000000088400000, 0x0000000088400000|
|  83|0x0000000088500000, 0x0000000088500000, 0x0000000088600000|  0%| F|  |TS  0|AC  0|TAMS 0x0000000088500000, 0x0000000088500000|
|  84|0x0000000088600000, 0x0000000088600000, 0x0000000088700000|  0%| F|  |TS  0|AC  0|TAMS 0x0000000088600000, 0x0000000088600000|
|  85|0x0000000088700000, 0x0000000088700000, 0x0000000088800000|  0%| F|  |TS  0|AC  0|TAMS 0x0000000088700000, 0x0000000088700000|
|  86|0x0000000088800000, 0x0000000088800000, 0x0000000088900000|  0%| F|  |TS  0|AC  0|TAMS 0x0000000088800000, 0x0000000088800000|
|  87|0x0000000088900000, 0x0000000088900000, 0x0000000088a00000|  0%| F|  |TS  0|AC  0|TAMS 0x0000000088900000, 0x0000000088900000|
|  88|0x0000000088a00000, 0x0000000088a00000, 0x0000000088b00000|  0%| F|  |TS  0|AC  0|TAMS 0x0000000088a00000, 0x0000000088a00000|
|  89|0x0000000088b00000, 0x0000000088b00000, 0x0000000088c00000|  0%| F|  |TS  0|AC  0|TAMS 0x0000000088b00000, 0x0000000088b00000|
|  90|0x0000000088c00000, 0x0000000088c00000, 0x0000000088d00000|  0%| F|  |TS  0|AC  0|TAMS 0x0000000088c00000, 0x0000000088c00000|
|  91|0x0000000088d00000, 0x0000000088d00000, 0x0000000088e00000|  0%| F|  |TS  0|AC  0|TAMS 0x0000000088d00000, 0x0000000088d00000|
|  92|0x0000000088e00000, 0x0000000088e00000, 0x0000000088f00000|  0%| F|  |TS  0|AC  0|TAMS 0x0000000088e00000, 0x0000000088e00000|
|  93|0x0000000088f00000, 0x0000000088f00000, 0x0000000089000000|  0%| F|  |TS  0|AC  0|TAMS 0x0000000088f00000, 0x0000000088f00000|
|  94|0x0000000089000000, 0x0000000089000000, 0x0000000089100000|  0%| F|  |TS  0|AC  0|TAMS 0x0000000089000000, 0x0000000089000000|
|  95|0x0000000089100000, 0x0000000089100000, 0x0000000089200000|  0%| F|  |TS  0|AC  0|TAMS 0x0000000089100000, 0x0000000089100000|
|  96|0x0000000089200000, 0x0000000089200000, 0x0000000089300000|  0%| F|  |TS  0|AC  0|TAMS 0x0000000089200000, 0x0000000089200000|
|  97|0x0000000089300000, 0x0000000089300000, 0x0000000089400000|  0%| F|  |TS  0|AC  0|TAMS 0x0000000089300000, 0x0000000089300000|
|  98|0x0000000089400000, 0x0000000089400000, 0x0000000089500000|  0%| F|  |TS  0|AC  0|TAMS 0x0000000089400000, 0x0000000089400000|
|  99|0x0000000089500000, 0x0000000089500000, 0x0000000089600000|  0%| F|  |TS  0|AC  0|TAMS 0x0000000089500000, 0x0000000089500000|
| 100|0x0000000089600000, 0x0000000089600000, 0x0000000089700000|  0%| F|  |TS  0|AC  0|TAMS 0x0000000089600000, 0x0000000089600000|
| 101|0x0000000089700000, 0x0000000089700000, 0x0000000089800000|  0%| F|  |TS  0|AC  0|TAMS 0x0000000089700000, 0x0000000089700000|
| 102|0x0000000089800000, 0x0000000089800000, 0x0000000089900000|  0%| F|  |TS  0|AC  0|TAMS 0x0000000089800000, 0x0000000089800000|
| 103|0x0000000089900000, 0x0000000089900000, 0x0000000089a00000|  0%| F|  |TS  0|AC  0|TAMS 0x0000000089900000, 0x0000000089900000|
| 104|0x0000000089a00000, 0x0000000089a00000, 0x0000000089b00000|  0%| F|  |TS  0|AC  0|TAMS 0x0000000089a00000, 0x0000000089a00000|
| 105|0x0000000089b00000, 0x0000000089b00000, 0x0000000089c00000|  0%| F|  |TS  0|AC  0|TAMS 0x0000000089b00000, 0x0000000089b00000|
| 106|0x0000000089c00000, 0x0000000089c00000, 0x0000000089d00000|  0%| F|  |TS  0|AC  0|TAMS 0x0000000089c00000, 0x0000000089c00000|
| 107|0x0000000089d00000, 0x0000000089d00000, 0x0000000089e00000|  0%| F|  |TS  0|AC  0|TAMS 0x0000000089d00000, 0x0000000089d00000|
| 108|0x0000000089e00000, 0x0000000089e00000, 0x0000000089f00000|  0%| F|  |TS  0|AC  0|TAMS 0x0000000089e00000, 0x0000000089e00000|
| 109|0x0000000089f00000, 0x0000000089f00000, 0x000000008a000000|  0%| F|  |TS  0|AC  0|TAMS 0x0000000089f00000, 0x0000000089f00000|
| 110|0x000000008a000000, 0x000000008a000000, 0x000000008a100000|  0%| F|  |TS  0|AC  0|TAMS 0x000000008a000000, 0x000000008a000000|
| 111|0x000000008a100000, 0x000000008a100000, 0x000000008a200000|  0%| F|  |TS  0|AC  0|TAMS 0x000000008a100000, 0x000000008a100000|
| 112|0x000000008a200000, 0x000000008a200000, 0x000000008a300000|  0%| F|  |TS  0|AC  0|TAMS 0x000000008a200000, 0x000000008a200000|
| 113|0x000000008a300000, 0x000000008a300000, 0x000000008a400000|  0%| F|  |TS  0|AC  0|TAMS 0x000000008a300000, 0x000000008a300000|
| 114|0x000000008a400000, 0x000000008a400000, 0x000000008a500000|  0%| F|  |TS  0|AC  0|TAMS 0x000000008a400000, 0x000000008a400000|
| 115|0x000000008a500000, 0x000000008a500000, 0x000000008a600000|  0%| F|  |TS  0|AC  0|TAMS 0x000000008a500000, 0x000000008a500000|
| 116|0x000000008a600000, 0x000000008a600000, 0x000000008a700000|  0%| F|  |TS  0|AC  0|TAMS 0x000000008a600000, 0x000000008a600000|
| 117|0x000000008a700000, 0x000000008a700000, 0x000000008a800000|  0%| F|  |TS  0|AC  0|TAMS 0x000000008a700000, 0x000000008a700000|
| 118|0x000000008a800000, 0x000000008a800000, 0x000000008a900000|  0%| F|  |TS  0|AC  0|TAMS 0x000000008a800000, 0x000000008a800000|
| 119|0x000000008a900000, 0x000000008a900000, 0x000000008aa00000|  0%| F|  |TS  0|AC  0|TAMS 0x000000008a900000, 0x000000008a900000|
| 120|0x000000008aa00000, 0x000000008aa00000, 0x000000008ab00000|  0%| F|  |TS  0|AC  0|TAMS 0x000000008aa00000, 0x000000008aa00000|
| 121|0x000000008ab00000, 0x000000008ab00000, 0x000000008ac00000|  0%| F|  |TS  0|AC  0|TAMS 0x000000008ab00000, 0x000000008ab00000|
| 122|0x000000008ac00000, 0x000000008ad00000, 0x000000008ad00000|100%| E|  |TS  0|AC  0|TAMS 0x000000008ac00000, 0x000000008ac00000|
| 123|0x000000008ad00000, 0x000000008ae00000, 0x000000008ae00000|100%| E|CS|TS  0|AC  0|TAMS 0x000000008ad00000, 0x000000008ad00000|
| 124|0x000000008ae00000, 0x000000008af00000, 0x000000008af00000|100%| E|CS|TS  0|AC  0|TAMS 0x000000008ae00000, 0x000000008ae00000|
| 125|0x000000008af00000, 0x000000008b000000, 0x000000008b000000|100%| E|CS|TS  0|AC  0|TAMS 0x000000008af00000, 0x000000008af00000|

Card table byte_map: [0x000002e37c610000,0x000002e37ca00000] byte_map_base: 0x000002e37c1f7000

Marking Bits (Prev, Next): (CMBitMap*) 0x000002e3709f84a0, (CMBitMap*) 0x000002e3709f84d8
 Prev Bits: [0x000002e37cdf0000, 0x000002e37ed28000)
 Next Bits: [0x000002e30f000000, 0x000002e310f38000)

Polling page: 0x000002e36c620000

CodeHeap 'non-profiled nmethods': size=120000Kb used=94Kb max_used=94Kb free=119905Kb
 bounds [0x000002e307ad0000, 0x000002e307d40000, 0x000002e30f000000]
CodeHeap 'profiled nmethods': size=120000Kb used=368Kb max_used=368Kb free=119631Kb
 bounds [0x000002e3005a0000, 0x000002e300810000, 0x000002e307ad0000]
CodeHeap 'non-nmethods': size=5760Kb used=1100Kb max_used=1116Kb free=4659Kb
 bounds [0x000002e300000000, 0x000002e300270000, 0x000002e3005a0000]
 total_blobs=640 nmethods=248 adapters=207
 compilation: enabled

Compilation events (10 events):
Event: 1.019 Thread 0x000002e37f9c6000 nmethod 233 0x000002e3005f9690 code [0x000002e3005f9860, 0x000002e3005f9af0]
Event: 1.019 Thread 0x000002e37f9c6000  234       3       java.util.ArrayList$SubList::iterator (5 bytes)
Event: 1.020 Thread 0x000002e37f9c6000 nmethod 234 0x000002e3005f9c10 code [0x000002e3005f9e40, 0x000002e3005fa440]
Event: 1.020 Thread 0x000002e37f9c6000  235       3       java.util.AbstractList::listIterator (6 bytes)
Event: 1.021 Thread 0x000002e37f9c6000 nmethod 235 0x000002e3005fa710 code [0x000002e3005fa8c0, 0x000002e3005faaf0]
Event: 1.021 Thread 0x000002e37f9c6000  240       3       java.util.ArrayList$SubList::rangeCheckForAdd (26 bytes)
Event: 1.022 Thread 0x000002e37f9c6000 nmethod 240 0x000002e3005fab90 code [0x000002e3005fae00, 0x000002e3005fb4b0]
Event: 1.022 Thread 0x000002e37f9c6000  246       3       User::<init> (65 bytes)
Event: 1.023 Thread 0x000002e37f9c6000 nmethod 246 0x000002e3005fb790 code [0x000002e3005fb9a0, 0x000002e3005fbfe0]
Event: 1.027 Thread 0x000002e37fa25000 nmethod 248 0x000002e307ae6e90 code [0x000002e307ae7040, 0x000002e307ae75f8]

GC Heap History (0 events):
No events

Deoptimization events (4 events):
Event: 0.703 Thread 0x000002e370940800 Uncommon trap: reason=unstable_if action=reinterpret pc=0x000002e307ad2988 method=java.lang.String.hashCode()I @ 14 c2
Event: 0.737 Thread 0x000002e370940800 Uncommon trap: reason=unstable_if action=reinterpret pc=0x000002e307ad897c method=java.lang.String.isLatin1()Z @ 10 c2
Event: 0.827 Thread 0x000002e370940800 Uncommon trap: reason=unstable_if action=reinterpret pc=0x000002e307ae247c method=java.lang.String.charAt(I)C @ 4 c2
Event: 0.979 Thread 0x000002e370940800 Uncommon trap: reason=unstable_if action=reinterpret pc=0x000002e307add6b8 method=java.util.HashMap.putVal(ILjava/lang/Object;Ljava/lang/Object;ZZ)Ljava/lang/Object; @ 69 c2

Classes redefined (2 events):
Event: 70.021 Thread 0x000002e37f9bd000 redefined class name=MainPart2, count=1
Event: 168.612 Thread 0x000002e37f9bd000 redefined class name=MainPart2, count=2

Internal exceptions (0 events):
No events

Events (10 events):
Event: 168.614 Executing VM operation: GetFrameCount done
Event: 168.615 Executing VM operation: GetFrameCount
Event: 168.615 Executing VM operation: GetFrameCount done
Event: 168.615 Executing VM operation: GetFrameLocation
Event: 168.615 Executing VM operation: GetFrameLocation done
Event: 168.657 Executing VM operation: ChangeBreakpoints
Event: 168.657 Executing VM operation: ChangeBreakpoints done
Event: 168.674 Executing VM operation: ChangeBreakpoints
Event: 168.675 Executing VM operation: ChangeBreakpoints done
Event: 168.680 Executing VM operation: GetOrSetLocal


Dynamic libraries:
0x00007ff7fe990000 - 0x00007ff7fe9ce000 	C:\Program Files\Java\jdk-10.0.2\bin\java.exe
0x00007ffb8e580000 - 0x00007ffb8e760000 	C:\Windows\SYSTEM32\ntdll.dll
0x00007ffb8cf30000 - 0x00007ffb8cfde000 	C:\Windows\System32\KERNEL32.DLL
0x00007ffb8b590000 - 0x00007ffb8b7f6000 	C:\Windows\System32\KERNELBASE.dll
0x00007ffb8dbf0000 - 0x00007ffb8dc91000 	C:\Windows\System32\ADVAPI32.dll
0x00007ffb8e360000 - 0x00007ffb8e3fd000 	C:\Windows\System32\msvcrt.dll
0x00007ffb8d410000 - 0x00007ffb8d46b000 	C:\Windows\System32\sechost.dll
0x00007ffb8d5b0000 - 0x00007ffb8d6cf000 	C:\Windows\System32\RPCRT4.dll
0x00007ffb8dca0000 - 0x00007ffb8de2f000 	C:\Windows\System32\USER32.dll
0x00007ffb8a9e0000 - 0x00007ffb8aa00000 	C:\Windows\System32\win32u.dll
0x00007ffb8d470000 - 0x00007ffb8d498000 	C:\Windows\System32\GDI32.dll
0x00007ffb8abb0000 - 0x00007ffb8ad43000 	C:\Windows\System32\gdi32full.dll
0x00007ffb8b4f0000 - 0x00007ffb8b58b000 	C:\Windows\System32\msvcp_win.dll
0x00007ffb8aa00000 - 0x00007ffb8aaf5000 	C:\Windows\System32\ucrtbase.dll
0x00007ffb733f0000 - 0x00007ffb73659000 	C:\Windows\WinSxS\amd64_microsoft.windows.common-controls_6595b64144ccf1df_6.0.16299.547_none_15cdd76c936033f5\COMCTL32.dll
0x00007ffb78ce0000 - 0x00007ffb78cea000 	C:\Windows\SYSTEM32\VERSION.dll
0x00007ffb8cfe0000 - 0x00007ffb8d2e7000 	C:\Windows\System32\combase.dll
0x00007ffb8b800000 - 0x00007ffb8b872000 	C:\Windows\System32\bcryptPrimitives.dll
0x00007ffb8dfa0000 - 0x00007ffb8dfcd000 	C:\Windows\System32\IMM32.DLL
0x00007ffb7a320000 - 0x00007ffb7a40f000 	C:\Program Files\Java\jdk-10.0.2\bin\msvcr120.dll
0x00007ffb7a270000 - 0x00007ffb7a316000 	C:\Program Files\Java\jdk-10.0.2\bin\msvcp120.dll
0x00000000748c0000 - 0x0000000075330000 	C:\Program Files\Java\jdk-10.0.2\bin\server\jvm.dll
0x00007ffb8d540000 - 0x00007ffb8d548000 	C:\Windows\System32\PSAPI.DLL
0x00007ffb774b0000 - 0x00007ffb774b9000 	C:\Windows\SYSTEM32\WSOCK32.dll
0x00007ffb82410000 - 0x00007ffb82433000 	C:\Windows\SYSTEM32\WINMM.dll
0x00007ffb8d4a0000 - 0x00007ffb8d50c000 	C:\Windows\System32\WS2_32.dll
0x00007ffb823b0000 - 0x00007ffb823da000 	C:\Windows\SYSTEM32\winmmbase.dll
0x00007ffb8b4a0000 - 0x00007ffb8b4ea000 	C:\Windows\System32\cfgmgr32.dll
0x00007ffb87620000 - 0x00007ffb8762f000 	C:\Program Files\Java\jdk-10.0.2\bin\verify.dll
0x00007ffb893e0000 - 0x00007ffb895a8000 	C:\Windows\SYSTEM32\DBGHELP.DLL
0x00007ffb84b80000 - 0x00007ffb84ba9000 	C:\Windows\SYSTEM32\dbgcore.DLL
0x00007ffb84b10000 - 0x00007ffb84b37000 	C:\Program Files\Java\jdk-10.0.2\bin\java.dll
0x00007ffb6aac0000 - 0x00007ffb6aaf6000 	C:\Program Files\Java\jdk-10.0.2\bin\jdwp.dll
0x00007ffb71430000 - 0x00007ffb7145a000 	C:\Program Files\Java\jdk-10.0.2\bin\instrument.dll
0x00007ffb875c0000 - 0x00007ffb875d6000 	C:\Program Files\Java\jdk-10.0.2\bin\zip.dll
0x00007ffb85b10000 - 0x00007ffb85b1a000 	C:\Program Files\Java\jdk-10.0.2\bin\jimage.dll
0x00007ffb8ba50000 - 0x00007ffb8ce88000 	C:\Windows\System32\SHELL32.dll
0x00007ffb8d2f0000 - 0x00007ffb8d396000 	C:\Windows\System32\shcore.dll
0x00007ffb8ad50000 - 0x00007ffb8b497000 	C:\Windows\System32\windows.storage.dll
0x00007ffb8d3b0000 - 0x00007ffb8d401000 	C:\Windows\System32\shlwapi.dll
0x00007ffb8a940000 - 0x00007ffb8a951000 	C:\Windows\System32\kernel.appcore.dll
0x00007ffb8a8f0000 - 0x00007ffb8a93c000 	C:\Windows\System32\powrprof.dll
0x00007ffb8a8d0000 - 0x00007ffb8a8eb000 	C:\Windows\System32\profapi.dll
0x00007ffb84b00000 - 0x00007ffb84b0a000 	C:\Program Files\Java\jdk-10.0.2\bin\dt_socket.dll
0x00007ffb8a160000 - 0x00007ffb8a1c6000 	C:\Windows\system32\mswsock.dll
0x00007ffb84b60000 - 0x00007ffb84b7a000 	C:\Program Files\Java\jdk-10.0.2\bin\net.dll
0x00007ffb866e0000 - 0x00007ffb867be000 	C:\Windows\SYSTEM32\WINHTTP.dll
0x00007ffb84ac0000 - 0x00007ffb84ad1000 	C:\Program Files\Java\jdk-10.0.2\bin\nio.dll

dbghelp: loaded successfully - version: 4.0.5 - missing functions: none
symbol engine: initialized successfully - sym options: 0x614 - pdb path: .;C:\Program Files\Java\jdk-10.0.2\bin;C:\Windows\SYSTEM32;C:\Windows\WinSxS\amd64_microsoft.windows.common-controls_6595b64144ccf1df_6.0.16299.547_none_15cdd76c936033f5;C:\Program Files\Java\jdk-10.0.2\bin\server

VM Arguments:
jvm_args: -agentlib:jdwp=transport=dt_socket,address=127.0.0.1:50149,suspend=y,server=n -javaagent:C:\Users\pawan\.IntelliJIdea2018.2\system\captureAgent\debugger-agent.jar=file:/C:/Users/pawan/AppData/Local/Temp/capture.props -Dfile.encoding=UTF-8 
java_command: MainPart2
java_class_path (initial): C:\Users\pawan\IdeaProjects\InClass1\out\production\InClass1;C:\Program Files\JetBrains\IntelliJ IDEA 2018.2.1\lib\idea_rt.jar
Launcher Type: SUN_STANDARD

Logging:
Log output configuration:
#0: stdout all=warning uptime,level,tags
#1: stderr all=off uptime,level,tags

Environment Variables:
JAVA_HOME=C:\Program Files (x86)\Java\jdk1.8.0_181
PATH=C:\Program Files (x86)\Common Files\Oracle\Java\javapath;C:\Program Files\Microsoft MPI\Bin\;C:\Program Files (x86)\Intel\Intel(R) Management Engine Components\iCLS\;C:\Program Files\Intel\Intel(R) Management Engine Components\iCLS\;C:\Windows\system32;C:\Windows;C:\Windows\System32\Wbem;C:\Windows\System32\WindowsPowerShell\v1.0\;C:\Program Files (x86)\Intel\Intel(R) Management Engine Components\DAL;C:\Program Files\Intel\Intel(R) Management Engine Components\DAL;C:\Program Files (x86)\Intel\Intel(R) Management Engine Components\IPT;C:\Program Files\Intel\Intel(R) Management Engine Components\IPT;C:\Program Files (x86)\NVIDIA Corporation\PhysX\Common;C:\Program Files\Intel\WiFi\bin\;C:\Program Files\Common Files\Intel\WirelessCommon\;C:\Program Files\dotnet\;C:\Program Files\Microsoft SQL Server\130\Tools\Binn\;C:\Android;C:\Users\pawan\AppData\Local\Microsoft\WindowsApps;
USERNAME=pawan
OS=Windows_NT
PROCESSOR_IDENTIFIER=Intel64 Family 6 Model 158 Stepping 10, GenuineIntel



---------------  S Y S T E M  ---------------

OS: Windows 10 , 64 bit Build 16299 (10.0.16299.431)

CPU:total 12 (initial active 12) (6 cores per cpu, 2 threads per core) family 6 model 158 stepping 10, cmov, cx8, fxsr, mmx, sse, sse2, sse3, ssse3, sse4.1, sse4.2, popcnt, avx, avx2, aes, clmul, erms, 3dnowpref, lzcnt, ht, tsc, tscinvbit, bmi1, bmi2, adx, fma

Memory: 4k page, physical 8177948k(3009040k free), swap 9488668k(2380552k free)

vm_info: Java HotSpot(TM) 64-Bit Server VM (10.0.2+13) for windows-amd64 JRE (10.0.2+13), built on Jun 28 2018 01:57:56 by "mach5one" with MS VC++ 12.0 (VS2013)

END.
