#
# A fatal error has been detected by the Java Runtime Environment:
#
#  EXCEPTION_ACCESS_VIOLATION (0xc0000005) at pc=0x0000000074edd5e6, pid=8900, tid=14208
#
# JRE version: Java(TM) SE Runtime Environment (10.0.2+13) (build 10.0.2+13)
# Java VM: Java HotSpot(TM) 64-Bit Server VM (10.0.2+13, mixed mode, tiered, compressed oops, g1 gc, windows-amd64)
# Problematic frame:
# V  [jvm.dll+0x61d5e6]
#
# No core dump will be written. Minidumps are not enabled by default on client versions of Windows
#
# If you would like to submit a bug report, please visit:
#   http://bugreport.java.com/bugreport/crash.jsp
#

---------------  S U M M A R Y ------------

Command Line: -agentlib:jdwp=transport=dt_socket,address=127.0.0.1:50169,suspend=y,server=n -javaagent:C:\Users\pawan\.IntelliJIdea2018.2\system\captureAgent\debugger-agent.jar=file:/C:/Users/pawan/AppData/Local/Temp/capture.props -Dfile.encoding=UTF-8 MainPart2

Host: Intel(R) Core(TM) i7-8750H CPU @ 2.20GHz, 12 cores, 7G,  Windows 10 , 64 bit Build 16299 (10.0.16299.431)
Time: Tue Aug 21 01:34:58 2018 Eastern Daylight Time elapsed time: 124 seconds (0d 0h 2m 4s)

---------------  T H R E A D  ---------------

Current thread (0x000002755db7e800):  VMThread "VM Thread" [stack: 0x000000c54db00000,0x000000c54dc00000] [id=14208]

Stack: [0x000000c54db00000,0x000000c54dc00000],  sp=0x000000c54dbfec60,  free space=1019k
Native frames: (J=compiled Java code, j=interpreted, Vv=VM code, C=native code)
V  [jvm.dll+0x61d5e6]
V  [jvm.dll+0x31dcf3]
V  [jvm.dll+0x31fd53]
V  [jvm.dll+0x32034e]
V  [jvm.dll+0x31da85]
V  [jvm.dll+0x31cee3]
V  [jvm.dll+0x59097f]
V  [jvm.dll+0x590d66]
V  [jvm.dll+0x590b26]
V  [jvm.dll+0x55c148]
V  [jvm.dll+0x473bca]
V  [jvm.dll+0x6c47bc]
V  [jvm.dll+0x6c2f25]
V  [jvm.dll+0x6c3730]
V  [jvm.dll+0x6c3a6c]
V  [jvm.dll+0x59f4b0]
C  [msvcr120.dll+0x24f7f]
C  [msvcr120.dll+0x25126]
C  [KERNEL32.DLL+0x11fe4]
C  [ntdll.dll+0x6cb31]


siginfo: EXCEPTION_ACCESS_VIOLATION (0xc0000005), reading address 0x0000000000000006


Register to memory mapping:

RIP=0x0000000074edd5e6 jvm.dll
RAX=0x0000000000000000 is an unknown value
RBX=0x0000000000000000 is an unknown value
RCX=0x000000c54dbfecc0 is an unknown value
RDX=0x0000000000000000 is an unknown value
RSP=0x000000c54dbfec60 is an unknown value
RBP=0x000000c54dbff1e0 is an unknown value
RSI=0x0000000000000000 is an unknown value
RDI=0x000000c54dbff360 is an unknown value
R8 =0x0000000000000000 is an unknown value
R9 =0x000002755e013130 is pointing into metadata
R10=0x000002755da0a358 is an unknown value
R11=0x000000c54dbff120 is an unknown value
R12=0x000000007503d601 jvm.dll
R13=0x0000000000000000 is an unknown value
R14=0x0000000000000006 is an unknown value
R15=0x00000000000000f0 is an unknown value


Registers:
RAX=0x0000000000000000, RBX=0x0000000000000000, RCX=0x000000c54dbfecc0, RDX=0x0000000000000000
RSP=0x000000c54dbfec60, RBP=0x000000c54dbff1e0, RSI=0x0000000000000000, RDI=0x000000c54dbff360
R8 =0x0000000000000000, R9 =0x000002755e013130, R10=0x000002755da0a358, R11=0x000000c54dbff120
R12=0x000000007503d601, R13=0x0000000000000000, R14=0x0000000000000006, R15=0x00000000000000f0
RIP=0x0000000074edd5e6, EFLAGS=0x0000000000010206

Top of Stack: (sp=0x000000c54dbfec60)
0x000000c54dbfec60:   000000c54dbfecc0 0000000074eddb9c
0x000000c54dbfec70:   0000000000000000 0000000000000000
0x000000c54dbfec80:   0000000000000000 0000000074bddcf3
0x000000c54dbfec90:   0000000000000000 000000c54dbff360
0x000000c54dbfeca0:   000000c54dbfed00 0000000000000000
0x000000c54dbfecb0:   0000000000000000 0000000000000000
0x000000c54dbfecc0:   0000000075088488 0000000000000000
0x000000c54dbfecd0:   0000000000000000 000000c50000000e
0x000000c54dbfece0:   000000c54dbfecf0 0000000000000000
0x000000c54dbfecf0:   0000000000000000 0000000000000000
0x000000c54dbfed00:   4fffffff4fffffff 000002754fffffff
0x000000c54dbfed10:   0000000000000014 000000000000000e
0x000000c54dbfed20:   000000c54dbfed40 0000000000000002
0x000000c54dbfed30:   0000000000000000 0000000000000000
0x000000c54dbfed40:   4fffffff4fffffff 0000000000000000
0x000000c54dbfed50:   0000000000000000 0000000074edd3c8 

Instructions: (pc=0x0000000074edd5e6)
0x0000000074edd5c6:   61 00 8d d5 61 00 cc cc cc cc 40 53 48 83 ec 20
0x0000000074edd5d6:   48 8b 41 08 c7 41 10 00 00 00 00 48 89 7c 24 38
0x0000000074edd5e6:   80 78 06 28 48 8b d9 74 22 41 b9 28 00 00 00 4c
0x0000000074edd5f6:   8d 05 64 38 1f 00 48 8d 0d 6d 38 1f 00 41 8d 51 


VM_Operation (0x000000c54e6ff540): GetOrSetLocal, mode: safepoint, requested by thread 0x000002755e9d9800


---------------  P R O C E S S  ---------------

Threads class SMR info:
_java_thread_list=0x000002755e9ecc80, length=15, elements={
0x000002753bbb5000, 0x000002755db83800, 0x000002755db84000, 0x000002755db8e000,
0x000002755e3e6800, 0x000002755e3e7000, 0x000002755e3ea000, 0x000002755e3ee000,
0x000002755e3f9000, 0x000002755e432800, 0x000002755e9d9800, 0x000002755e9d1000,
0x000002755ea84000, 0x000002755e756800, 0x000002755e75b800
}

Java Threads: ( => current thread )
  0x000002753bbb5000 JavaThread "main" [_thread_blocked, id=12096, stack(0x000000c54c100000,0x000000c54c200000)]
  0x000002755db83800 JavaThread "Reference Handler" daemon [_thread_blocked, id=15684, stack(0x000000c54dc00000,0x000000c54dd00000)]
  0x000002755db84000 JavaThread "Finalizer" daemon [_thread_blocked, id=13964, stack(0x000000c54dd00000,0x000000c54de00000)]
  0x000002755db8e000 JavaThread "Signal Dispatcher" daemon [_thread_blocked, id=15108, stack(0x000000c54df00000,0x000000c54e000000)]
  0x000002755e3e6800 JavaThread "Attach Listener" daemon [_thread_blocked, id=15068, stack(0x000000c54e000000,0x000000c54e100000)]
  0x000002755e3e7000 JavaThread "C2 CompilerThread0" daemon [_thread_blocked, id=13984, stack(0x000000c54e100000,0x000000c54e200000)]
  0x000002755e3ea000 JavaThread "C2 CompilerThread1" daemon [_thread_blocked, id=2668, stack(0x000000c54e200000,0x000000c54e300000)]
  0x000002755e3ee000 JavaThread "C2 CompilerThread2" daemon [_thread_blocked, id=5228, stack(0x000000c54e300000,0x000000c54e400000)]
  0x000002755e3f9000 JavaThread "C1 CompilerThread3" daemon [_thread_blocked, id=14576, stack(0x000000c54e400000,0x000000c54e500000)]
  0x000002755e432800 JavaThread "Sweeper thread" daemon [_thread_blocked, id=6956, stack(0x000000c54e500000,0x000000c54e600000)]
  0x000002755e9d9800 JavaThread "JDWP Transport Listener: dt_socket" daemon [_thread_blocked, id=9144, stack(0x000000c54e600000,0x000000c54e700000)] _threads_hazard_ptr=0x000002755e9ecc80
  0x000002755e9d1000 JavaThread "JDWP Event Helper Thread" daemon [_thread_blocked, id=1752, stack(0x000000c54e700000,0x000000c54e800000)]
  0x000002755ea84000 JavaThread "JDWP Command Reader" daemon [_thread_in_native, id=11464, stack(0x000000c54e800000,0x000000c54e900000)]
  0x000002755e756800 JavaThread "Common-Cleaner" daemon [_thread_blocked, id=13408, stack(0x000000c54e900000,0x000000c54ea00000)]
  0x000002755e75b800 JavaThread "Service Thread" daemon [_thread_blocked, id=10492, stack(0x000000c54ea00000,0x000000c54eb00000)]

Other Threads:
=>0x000002755db7e800 VMThread "VM Thread" [stack: 0x000000c54db00000,0x000000c54dc00000] [id=14208]
  0x000002755e9ef000 WatcherThread [stack: 0x000000c54eb00000,0x000000c54ec00000] [id=4424]
  0x000002753bbcf800 GCTaskThread "GC Thread#0" [stack: 0x000000c54c200000,0x000000c54c300000] [id=3668]
  0x000002753bbd0800 GCTaskThread "GC Thread#1" [stack: 0x000000c54c300000,0x000000c54c400000] [id=4968]
  0x000002753bbd3800 GCTaskThread "GC Thread#2" [stack: 0x000000c54c400000,0x000000c54c500000] [id=4764]
  0x000002753bbd7000 GCTaskThread "GC Thread#3" [stack: 0x000000c54c500000,0x000000c54c600000] [id=4776]
  0x000002753bbd8000 GCTaskThread "GC Thread#4" [stack: 0x000000c54c600000,0x000000c54c700000] [id=11480]
  0x000002753bbe4000 GCTaskThread "GC Thread#5" [stack: 0x000000c54c700000,0x000000c54c800000] [id=4636]
  0x000002753bbe5800 GCTaskThread "GC Thread#6" [stack: 0x000000c54c800000,0x000000c54c900000] [id=4148]
  0x000002753bbe6800 GCTaskThread "GC Thread#7" [stack: 0x000000c54c900000,0x000000c54ca00000] [id=15848]
  0x000002753bbe8000 GCTaskThread "GC Thread#8" [stack: 0x000000c54ca00000,0x000000c54cb00000] [id=13728]
  0x000002753bbea000 GCTaskThread "GC Thread#9" [stack: 0x000000c54cb00000,0x000000c54cc00000] [id=4420]
  0x000002753bc5d000 ConcurrentGCThread "G1 Main Marker" [stack: 0x000000c54cc00000,0x000000c54cd00000] [id=3904]
  0x000002753bc60000 ConcurrentGCThread "G1 Conc#0" [stack: 0x000000c54cd00000,0x000000c54ce00000] [id=4820]
  0x000002753bc61000 ConcurrentGCThread "G1 Conc#1" [stack: 0x000000c54ce00000,0x000000c54cf00000] [id=10344]
  0x000002753bc62000 ConcurrentGCThread "G1 Conc#2" [stack: 0x000000c54cf00000,0x000000c54d000000] [id=8156]
  0x000002755d9e8800 ConcurrentGCThread "G1 Refine#0" [stack: 0x000000c54d000000,0x000000c54d100000] [id=4352]
  0x000002755d9e9800 ConcurrentGCThread "G1 Refine#1" [stack: 0x000000c54d100000,0x000000c54d200000] [id=10340]
  0x000002755d9f3000 ConcurrentGCThread "G1 Refine#2" [stack: 0x000000c54d200000,0x000000c54d300000] [id=4464]
  0x000002755d9f6000 ConcurrentGCThread "G1 Refine#3" [stack: 0x000000c54d300000,0x000000c54d400000] [id=4912]
  0x000002755d9f6800 ConcurrentGCThread "G1 Refine#4" [stack: 0x000000c54d400000,0x000000c54d500000] [id=10840]
  0x000002755d9ff800 ConcurrentGCThread "G1 Refine#5" [stack: 0x000000c54d500000,0x000000c54d600000] [id=4456]
  0x000002755da02800 ConcurrentGCThread "G1 Refine#6" [stack: 0x000000c54d600000,0x000000c54d700000] [id=7356]
  0x000002755da03000 ConcurrentGCThread "G1 Refine#7" [stack: 0x000000c54d700000,0x000000c54d800000] [id=2556]
  0x000002755da06000 ConcurrentGCThread "G1 Refine#8" [stack: 0x000000c54d800000,0x000000c54d900000] [id=8264]
  0x000002755da06800 ConcurrentGCThread "G1 Refine#9" [stack: 0x000000c54d900000,0x000000c54da00000] [id=5108]
  0x000002755da07800 ConcurrentGCThread "G1 Young RemSet Sampling" [stack: 0x000000c54da00000,0x000000c54db00000] [id=2656]

Threads with active compile tasks:

VM state:at safepoint (normal execution)

VM Mutex/Monitor currently owned by a thread:  ([mutex/lock_event])
[0x000002753bbb1590] Threads_lock - owner thread: 0x000002755db7e800

Heap address: 0x0000000083200000, size: 1998 MB, Compressed Oops mode: 32-bit
Narrow klass base: 0x0000000000000000, Narrow klass shift: 3
Compressed class space size: 1073741824 Address: 0x0000000100000000

Heap:
 garbage-first heap   total 129024K, used 3072K [0x0000000083200000, 0x0000000100000000)
  region size 1024K, 4 young (4096K), 0 survivors (0K)
 Metaspace       used 5248K, capacity 5392K, committed 5632K, reserved 1056768K
  class space    used 435K, capacity 496K, committed 512K, reserved 1048576K
Heap Regions: E=young(eden), S=young(survivor), O=old, HS=humongous(starts), HC=humongous(continues), CS=collection set, F=free, A=archive, TS=gc time stamp, AC=allocation context, TAMS=top-at-mark-start (previous, next)
|   0|0x0000000083200000, 0x0000000083200000, 0x0000000083300000|  0%| F|  |TS  0|AC  0|TAMS 0x0000000083200000, 0x0000000083200000|
|   1|0x0000000083300000, 0x0000000083300000, 0x0000000083400000|  0%| F|  |TS  0|AC  0|TAMS 0x0000000083300000, 0x0000000083300000|
|   2|0x0000000083400000, 0x0000000083400000, 0x0000000083500000|  0%| F|  |TS  0|AC  0|TAMS 0x0000000083400000, 0x0000000083400000|
|   3|0x0000000083500000, 0x0000000083500000, 0x0000000083600000|  0%| F|  |TS  0|AC  0|TAMS 0x0000000083500000, 0x0000000083500000|
|   4|0x0000000083600000, 0x0000000083600000, 0x0000000083700000|  0%| F|  |TS  0|AC  0|TAMS 0x0000000083600000, 0x0000000083600000|
|   5|0x0000000083700000, 0x0000000083700000, 0x0000000083800000|  0%| F|  |TS  0|AC  0|TAMS 0x0000000083700000, 0x0000000083700000|
|   6|0x0000000083800000, 0x0000000083800000, 0x0000000083900000|  0%| F|  |TS  0|AC  0|TAMS 0x0000000083800000, 0x0000000083800000|
|   7|0x0000000083900000, 0x0000000083900000, 0x0000000083a00000|  0%| F|  |TS  0|AC  0|TAMS 0x0000000083900000, 0x0000000083900000|
|   8|0x0000000083a00000, 0x0000000083a00000, 0x0000000083b00000|  0%| F|  |TS  0|AC  0|TAMS 0x0000000083a00000, 0x0000000083a00000|
|   9|0x0000000083b00000, 0x0000000083b00000, 0x0000000083c00000|  0%| F|  |TS  0|AC  0|TAMS 0x0000000083b00000, 0x0000000083b00000|
|  10|0x0000000083c00000, 0x0000000083c00000, 0x0000000083d00000|  0%| F|  |TS  0|AC  0|TAMS 0x0000000083c00000, 0x0000000083c00000|
|  11|0x0000000083d00000, 0x0000000083d00000, 0x0000000083e00000|  0%| F|  |TS  0|AC  0|TAMS 0x0000000083d00000, 0x0000000083d00000|
|  12|0x0000000083e00000, 0x0000000083e00000, 0x0000000083f00000|  0%| F|  |TS  0|AC  0|TAMS 0x0000000083e00000, 0x0000000083e00000|
|  13|0x0000000083f00000, 0x0000000083f00000, 0x0000000084000000|  0%| F|  |TS  0|AC  0|TAMS 0x0000000083f00000, 0x0000000083f00000|
|  14|0x0000000084000000, 0x0000000084000000, 0x0000000084100000|  0%| F|  |TS  0|AC  0|TAMS 0x0000000084000000, 0x0000000084000000|
|  15|0x0000000084100000, 0x0000000084100000, 0x0000000084200000|  0%| F|  |TS  0|AC  0|TAMS 0x0000000084100000, 0x0000000084100000|
|  16|0x0000000084200000, 0x0000000084200000, 0x0000000084300000|  0%| F|  |TS  0|AC  0|TAMS 0x0000000084200000, 0x0000000084200000|
|  17|0x0000000084300000, 0x0000000084300000, 0x0000000084400000|  0%| F|  |TS  0|AC  0|TAMS 0x0000000084300000, 0x0000000084300000|
|  18|0x0000000084400000, 0x0000000084400000, 0x0000000084500000|  0%| F|  |TS  0|AC  0|TAMS 0x0000000084400000, 0x0000000084400000|
|  19|0x0000000084500000, 0x0000000084500000, 0x0000000084600000|  0%| F|  |TS  0|AC  0|TAMS 0x0000000084500000, 0x0000000084500000|
|  20|0x0000000084600000, 0x0000000084600000, 0x0000000084700000|  0%| F|  |TS  0|AC  0|TAMS 0x0000000084600000, 0x0000000084600000|
|  21|0x0000000084700000, 0x0000000084700000, 0x0000000084800000|  0%| F|  |TS  0|AC  0|TAMS 0x0000000084700000, 0x0000000084700000|
|  22|0x0000000084800000, 0x0000000084800000, 0x0000000084900000|  0%| F|  |TS  0|AC  0|TAMS 0x0000000084800000, 0x0000000084800000|
|  23|0x0000000084900000, 0x0000000084900000, 0x0000000084a00000|  0%| F|  |TS  0|AC  0|TAMS 0x0000000084900000, 0x0000000084900000|
|  24|0x0000000084a00000, 0x0000000084a00000, 0x0000000084b00000|  0%| F|  |TS  0|AC  0|TAMS 0x0000000084a00000, 0x0000000084a00000|
|  25|0x0000000084b00000, 0x0000000084b00000, 0x0000000084c00000|  0%| F|  |TS  0|AC  0|TAMS 0x0000000084b00000, 0x0000000084b00000|
|  26|0x0000000084c00000, 0x0000000084c00000, 0x0000000084d00000|  0%| F|  |TS  0|AC  0|TAMS 0x0000000084c00000, 0x0000000084c00000|
|  27|0x0000000084d00000, 0x0000000084d00000, 0x0000000084e00000|  0%| F|  |TS  0|AC  0|TAMS 0x0000000084d00000, 0x0000000084d00000|
|  28|0x0000000084e00000, 0x0000000084e00000, 0x0000000084f00000|  0%| F|  |TS  0|AC  0|TAMS 0x0000000084e00000, 0x0000000084e00000|
|  29|0x0000000084f00000, 0x0000000084f00000, 0x0000000085000000|  0%| F|  |TS  0|AC  0|TAMS 0x0000000084f00000, 0x0000000084f00000|
|  30|0x0000000085000000, 0x0000000085000000, 0x0000000085100000|  0%| F|  |TS  0|AC  0|TAMS 0x0000000085000000, 0x0000000085000000|
|  31|0x0000000085100000, 0x0000000085100000, 0x0000000085200000|  0%| F|  |TS  0|AC  0|TAMS 0x0000000085100000, 0x0000000085100000|
|  32|0x0000000085200000, 0x0000000085200000, 0x0000000085300000|  0%| F|  |TS  0|AC  0|TAMS 0x0000000085200000, 0x0000000085200000|
|  33|0x0000000085300000, 0x0000000085300000, 0x0000000085400000|  0%| F|  |TS  0|AC  0|TAMS 0x0000000085300000, 0x0000000085300000|
|  34|0x0000000085400000, 0x0000000085400000, 0x0000000085500000|  0%| F|  |TS  0|AC  0|TAMS 0x0000000085400000, 0x0000000085400000|
|  35|0x0000000085500000, 0x0000000085500000, 0x0000000085600000|  0%| F|  |TS  0|AC  0|TAMS 0x0000000085500000, 0x0000000085500000|
|  36|0x0000000085600000, 0x0000000085600000, 0x0000000085700000|  0%| F|  |TS  0|AC  0|TAMS 0x0000000085600000, 0x0000000085600000|
|  37|0x0000000085700000, 0x0000000085700000, 0x0000000085800000|  0%| F|  |TS  0|AC  0|TAMS 0x0000000085700000, 0x0000000085700000|
|  38|0x0000000085800000, 0x0000000085800000, 0x0000000085900000|  0%| F|  |TS  0|AC  0|TAMS 0x0000000085800000, 0x0000000085800000|
|  39|0x0000000085900000, 0x0000000085900000, 0x0000000085a00000|  0%| F|  |TS  0|AC  0|TAMS 0x0000000085900000, 0x0000000085900000|
|  40|0x0000000085a00000, 0x0000000085a00000, 0x0000000085b00000|  0%| F|  |TS  0|AC  0|TAMS 0x0000000085a00000, 0x0000000085a00000|
|  41|0x0000000085b00000, 0x0000000085b00000, 0x0000000085c00000|  0%| F|  |TS  0|AC  0|TAMS 0x0000000085b00000, 0x0000000085b00000|
|  42|0x0000000085c00000, 0x0000000085c00000, 0x0000000085d00000|  0%| F|  |TS  0|AC  0|TAMS 0x0000000085c00000, 0x0000000085c00000|
|  43|0x0000000085d00000, 0x0000000085d00000, 0x0000000085e00000|  0%| F|  |TS  0|AC  0|TAMS 0x0000000085d00000, 0x0000000085d00000|
|  44|0x0000000085e00000, 0x0000000085e00000, 0x0000000085f00000|  0%| F|  |TS  0|AC  0|TAMS 0x0000000085e00000, 0x0000000085e00000|
|  45|0x0000000085f00000, 0x0000000085f00000, 0x0000000086000000|  0%| F|  |TS  0|AC  0|TAMS 0x0000000085f00000, 0x0000000085f00000|
|  46|0x0000000086000000, 0x0000000086000000, 0x0000000086100000|  0%| F|  |TS  0|AC  0|TAMS 0x0000000086000000, 0x0000000086000000|
|  47|0x0000000086100000, 0x0000000086100000, 0x0000000086200000|  0%| F|  |TS  0|AC  0|TAMS 0x0000000086100000, 0x0000000086100000|
|  48|0x0000000086200000, 0x0000000086200000, 0x0000000086300000|  0%| F|  |TS  0|AC  0|TAMS 0x0000000086200000, 0x0000000086200000|
|  49|0x0000000086300000, 0x0000000086300000, 0x0000000086400000|  0%| F|  |TS  0|AC  0|TAMS 0x0000000086300000, 0x0000000086300000|
|  50|0x0000000086400000, 0x0000000086400000, 0x0000000086500000|  0%| F|  |TS  0|AC  0|TAMS 0x0000000086400000, 0x0000000086400000|
|  51|0x0000000086500000, 0x0000000086500000, 0x0000000086600000|  0%| F|  |TS  0|AC  0|TAMS 0x0000000086500000, 0x0000000086500000|
|  52|0x0000000086600000, 0x0000000086600000, 0x0000000086700000|  0%| F|  |TS  0|AC  0|TAMS 0x0000000086600000, 0x0000000086600000|
|  53|0x0000000086700000, 0x0000000086700000, 0x0000000086800000|  0%| F|  |TS  0|AC  0|TAMS 0x0000000086700000, 0x0000000086700000|
|  54|0x0000000086800000, 0x0000000086800000, 0x0000000086900000|  0%| F|  |TS  0|AC  0|TAMS 0x0000000086800000, 0x0000000086800000|
|  55|0x0000000086900000, 0x0000000086900000, 0x0000000086a00000|  0%| F|  |TS  0|AC  0|TAMS 0x0000000086900000, 0x0000000086900000|
|  56|0x0000000086a00000, 0x0000000086a00000, 0x0000000086b00000|  0%| F|  |TS  0|AC  0|TAMS 0x0000000086a00000, 0x0000000086a00000|
|  57|0x0000000086b00000, 0x0000000086b00000, 0x0000000086c00000|  0%| F|  |TS  0|AC  0|TAMS 0x0000000086b00000, 0x0000000086b00000|
|  58|0x0000000086c00000, 0x0000000086c00000, 0x0000000086d00000|  0%| F|  |TS  0|AC  0|TAMS 0x0000000086c00000, 0x0000000086c00000|
|  59|0x0000000086d00000, 0x0000000086d00000, 0x0000000086e00000|  0%| F|  |TS  0|AC  0|TAMS 0x0000000086d00000, 0x0000000086d00000|
|  60|0x0000000086e00000, 0x0000000086e00000, 0x0000000086f00000|  0%| F|  |TS  0|AC  0|TAMS 0x0000000086e00000, 0x0000000086e00000|
|  61|0x0000000086f00000, 0x0000000086f00000, 0x0000000087000000|  0%| F|  |TS  0|AC  0|TAMS 0x0000000086f00000, 0x0000000086f00000|
|  62|0x0000000087000000, 0x0000000087000000, 0x0000000087100000|  0%| F|  |TS  0|AC  0|TAMS 0x0000000087000000, 0x0000000087000000|
|  63|0x0000000087100000, 0x0000000087100000, 0x0000000087200000|  0%| F|  |TS  0|AC  0|TAMS 0x0000000087100000, 0x0000000087100000|
|  64|0x0000000087200000, 0x0000000087200000, 0x0000000087300000|  0%| F|  |TS  0|AC  0|TAMS 0x0000000087200000, 0x0000000087200000|
|  65|0x0000000087300000, 0x0000000087300000, 0x0000000087400000|  0%| F|  |TS  0|AC  0|TAMS 0x0000000087300000, 0x0000000087300000|
|  66|0x0000000087400000, 0x0000000087400000, 0x0000000087500000|  0%| F|  |TS  0|AC  0|TAMS 0x0000000087400000, 0x0000000087400000|
|  67|0x0000000087500000, 0x0000000087500000, 0x0000000087600000|  0%| F|  |TS  0|AC  0|TAMS 0x0000000087500000, 0x0000000087500000|
|  68|0x0000000087600000, 0x0000000087600000, 0x0000000087700000|  0%| F|  |TS  0|AC  0|TAMS 0x0000000087600000, 0x0000000087600000|
|  69|0x0000000087700000, 0x0000000087700000, 0x0000000087800000|  0%| F|  |TS  0|AC  0|TAMS 0x0000000087700000, 0x0000000087700000|
|  70|0x0000000087800000, 0x0000000087800000, 0x0000000087900000|  0%| F|  |TS  0|AC  0|TAMS 0x0000000087800000, 0x0000000087800000|
|  71|0x0000000087900000, 0x0000000087900000, 0x0000000087a00000|  0%| F|  |TS  0|AC  0|TAMS 0x0000000087900000, 0x0000000087900000|
|  72|0x0000000087a00000, 0x0000000087a00000, 0x0000000087b00000|  0%| F|  |TS  0|AC  0|TAMS 0x0000000087a00000, 0x0000000087a00000|
|  73|0x0000000087b00000, 0x0000000087b00000, 0x0000000087c00000|  0%| F|  |TS  0|AC  0|TAMS 0x0000000087b00000, 0x0000000087b00000|
|  74|0x0000000087c00000, 0x0000000087c00000, 0x0000000087d00000|  0%| F|  |TS  0|AC  0|TAMS 0x0000000087c00000, 0x0000000087c00000|
|  75|0x0000000087d00000, 0x0000000087d00000, 0x0000000087e00000|  0%| F|  |TS  0|AC  0|TAMS 0x0000000087d00000, 0x0000000087d00000|
|  76|0x0000000087e00000, 0x0000000087e00000, 0x0000000087f00000|  0%| F|  |TS  0|AC  0|TAMS 0x0000000087e00000, 0x0000000087e00000|
|  77|0x0000000087f00000, 0x0000000087f00000, 0x0000000088000000|  0%| F|  |TS  0|AC  0|TAMS 0x0000000087f00000, 0x0000000087f00000|
|  78|0x0000000088000000, 0x0000000088000000, 0x0000000088100000|  0%| F|  |TS  0|AC  0|TAMS 0x0000000088000000, 0x0000000088000000|
|  79|0x0000000088100000, 0x0000000088100000, 0x0000000088200000|  0%| F|  |TS  0|AC  0|TAMS 0x0000000088100000, 0x0000000088100000|
|  80|0x0000000088200000, 0x0000000088200000, 0x0000000088300000|  0%| F|  |TS  0|AC  0|TAMS 0x0000000088200000, 0x0000000088200000|
|  81|0x0000000088300000, 0x0000000088300000, 0x0000000088400000|  0%| F|  |TS  0|AC  0|TAMS 0x0000000088300000, 0x0000000088300000|
|  82|0x0000000088400000, 0x0000000088400000, 0x0000000088500000|  0%| F|  |TS  0|AC  0|TAMS 0x0000000088400000, 0x0000000088400000|
|  83|0x0000000088500000, 0x0000000088500000, 0x0000000088600000|  0%| F|  |TS  0|AC  0|TAMS 0x0000000088500000, 0x0000000088500000|
|  84|0x0000000088600000, 0x0000000088600000, 0x0000000088700000|  0%| F|  |TS  0|AC  0|TAMS 0x0000000088600000, 0x0000000088600000|
|  85|0x0000000088700000, 0x0000000088700000, 0x0000000088800000|  0%| F|  |TS  0|AC  0|TAMS 0x0000000088700000, 0x0000000088700000|
|  86|0x0000000088800000, 0x0000000088800000, 0x0000000088900000|  0%| F|  |TS  0|AC  0|TAMS 0x0000000088800000, 0x0000000088800000|
|  87|0x0000000088900000, 0x0000000088900000, 0x0000000088a00000|  0%| F|  |TS  0|AC  0|TAMS 0x0000000088900000, 0x0000000088900000|
|  88|0x0000000088a00000, 0x0000000088a00000, 0x0000000088b00000|  0%| F|  |TS  0|AC  0|TAMS 0x0000000088a00000, 0x0000000088a00000|
|  89|0x0000000088b00000, 0x0000000088b00000, 0x0000000088c00000|  0%| F|  |TS  0|AC  0|TAMS 0x0000000088b00000, 0x0000000088b00000|
|  90|0x0000000088c00000, 0x0000000088c00000, 0x0000000088d00000|  0%| F|  |TS  0|AC  0|TAMS 0x0000000088c00000, 0x0000000088c00000|
|  91|0x0000000088d00000, 0x0000000088d00000, 0x0000000088e00000|  0%| F|  |TS  0|AC  0|TAMS 0x0000000088d00000, 0x0000000088d00000|
|  92|0x0000000088e00000, 0x0000000088e00000, 0x0000000088f00000|  0%| F|  |TS  0|AC  0|TAMS 0x0000000088e00000, 0x0000000088e00000|
|  93|0x0000000088f00000, 0x0000000088f00000, 0x0000000089000000|  0%| F|  |TS  0|AC  0|TAMS 0x0000000088f00000, 0x0000000088f00000|
|  94|0x0000000089000000, 0x0000000089000000, 0x0000000089100000|  0%| F|  |TS  0|AC  0|TAMS 0x0000000089000000, 0x0000000089000000|
|  95|0x0000000089100000, 0x0000000089100000, 0x0000000089200000|  0%| F|  |TS  0|AC  0|TAMS 0x0000000089100000, 0x0000000089100000|
|  96|0x0000000089200000, 0x0000000089200000, 0x0000000089300000|  0%| F|  |TS  0|AC  0|TAMS 0x0000000089200000, 0x0000000089200000|
|  97|0x0000000089300000, 0x0000000089300000, 0x0000000089400000|  0%| F|  |TS  0|AC  0|TAMS 0x0000000089300000, 0x0000000089300000|
|  98|0x0000000089400000, 0x0000000089400000, 0x0000000089500000|  0%| F|  |TS  0|AC  0|TAMS 0x0000000089400000, 0x0000000089400000|
|  99|0x0000000089500000, 0x0000000089500000, 0x0000000089600000|  0%| F|  |TS  0|AC  0|TAMS 0x0000000089500000, 0x0000000089500000|
| 100|0x0000000089600000, 0x0000000089600000, 0x0000000089700000|  0%| F|  |TS  0|AC  0|TAMS 0x0000000089600000, 0x0000000089600000|
| 101|0x0000000089700000, 0x0000000089700000, 0x0000000089800000|  0%| F|  |TS  0|AC  0|TAMS 0x0000000089700000, 0x0000000089700000|
| 102|0x0000000089800000, 0x0000000089800000, 0x0000000089900000|  0%| F|  |TS  0|AC  0|TAMS 0x0000000089800000, 0x0000000089800000|
| 103|0x0000000089900000, 0x0000000089900000, 0x0000000089a00000|  0%| F|  |TS  0|AC  0|TAMS 0x0000000089900000, 0x0000000089900000|
| 104|0x0000000089a00000, 0x0000000089a00000, 0x0000000089b00000|  0%| F|  |TS  0|AC  0|TAMS 0x0000000089a00000, 0x0000000089a00000|
| 105|0x0000000089b00000, 0x0000000089b00000, 0x0000000089c00000|  0%| F|  |TS  0|AC  0|TAMS 0x0000000089b00000, 0x0000000089b00000|
| 106|0x0000000089c00000, 0x0000000089c00000, 0x0000000089d00000|  0%| F|  |TS  0|AC  0|TAMS 0x0000000089c00000, 0x0000000089c00000|
| 107|0x0000000089d00000, 0x0000000089d00000, 0x0000000089e00000|  0%| F|  |TS  0|AC  0|TAMS 0x0000000089d00000, 0x0000000089d00000|
| 108|0x0000000089e00000, 0x0000000089e00000, 0x0000000089f00000|  0%| F|  |TS  0|AC  0|TAMS 0x0000000089e00000, 0x0000000089e00000|
| 109|0x0000000089f00000, 0x0000000089f00000, 0x000000008a000000|  0%| F|  |TS  0|AC  0|TAMS 0x0000000089f00000, 0x0000000089f00000|
| 110|0x000000008a000000, 0x000000008a000000, 0x000000008a100000|  0%| F|  |TS  0|AC  0|TAMS 0x000000008a000000, 0x000000008a000000|
| 111|0x000000008a100000, 0x000000008a100000, 0x000000008a200000|  0%| F|  |TS  0|AC  0|TAMS 0x000000008a100000, 0x000000008a100000|
| 112|0x000000008a200000, 0x000000008a200000, 0x000000008a300000|  0%| F|  |TS  0|AC  0|TAMS 0x000000008a200000, 0x000000008a200000|
| 113|0x000000008a300000, 0x000000008a300000, 0x000000008a400000|  0%| F|  |TS  0|AC  0|TAMS 0x000000008a300000, 0x000000008a300000|
| 114|0x000000008a400000, 0x000000008a400000, 0x000000008a500000|  0%| F|  |TS  0|AC  0|TAMS 0x000000008a400000, 0x000000008a400000|
| 115|0x000000008a500000, 0x000000008a500000, 0x000000008a600000|  0%| F|  |TS  0|AC  0|TAMS 0x000000008a500000, 0x000000008a500000|
| 116|0x000000008a600000, 0x000000008a600000, 0x000000008a700000|  0%| F|  |TS  0|AC  0|TAMS 0x000000008a600000, 0x000000008a600000|
| 117|0x000000008a700000, 0x000000008a700000, 0x000000008a800000|  0%| F|  |TS  0|AC  0|TAMS 0x000000008a700000, 0x000000008a700000|
| 118|0x000000008a800000, 0x000000008a800000, 0x000000008a900000|  0%| F|  |TS  0|AC  0|TAMS 0x000000008a800000, 0x000000008a800000|
| 119|0x000000008a900000, 0x000000008a900000, 0x000000008aa00000|  0%| F|  |TS  0|AC  0|TAMS 0x000000008a900000, 0x000000008a900000|
| 120|0x000000008aa00000, 0x000000008aa00000, 0x000000008ab00000|  0%| F|  |TS  0|AC  0|TAMS 0x000000008aa00000, 0x000000008aa00000|
| 121|0x000000008ab00000, 0x000000008ab00000, 0x000000008ac00000|  0%| F|  |TS  0|AC  0|TAMS 0x000000008ab00000, 0x000000008ab00000|
| 122|0x000000008ac00000, 0x000000008ad00000, 0x000000008ad00000|100%| E|  |TS  0|AC  0|TAMS 0x000000008ac00000, 0x000000008ac00000|
| 123|0x000000008ad00000, 0x000000008ae00000, 0x000000008ae00000|100%| E|CS|TS  0|AC  0|TAMS 0x000000008ad00000, 0x000000008ad00000|
| 124|0x000000008ae00000, 0x000000008af00000, 0x000000008af00000|100%| E|CS|TS  0|AC  0|TAMS 0x000000008ae00000, 0x000000008ae00000|
| 125|0x000000008af00000, 0x000000008b000000, 0x000000008b000000|100%| E|CS|TS  0|AC  0|TAMS 0x000000008af00000, 0x000000008af00000|

Card table byte_map: [0x0000027556880000,0x0000027556c70000] byte_map_base: 0x0000027556467000

Marking Bits (Prev, Next): (CMBitMap*) 0x000002753bc5c750, (CMBitMap*) 0x000002753bc5c788
 Prev Bits: [0x0000027557060000, 0x0000027558f98000)
 Next Bits: [0x0000027558fa0000, 0x000002755aed8000)

Polling page: 0x00000275377f0000

CodeHeap 'non-profiled nmethods': size=120000Kb used=94Kb max_used=94Kb free=119905Kb
 bounds [0x000002754ea10000, 0x000002754ec80000, 0x0000027555f40000]
CodeHeap 'profiled nmethods': size=120000Kb used=355Kb max_used=355Kb free=119645Kb
 bounds [0x00000275474e0000, 0x0000027547750000, 0x000002754ea10000]
CodeHeap 'non-nmethods': size=5760Kb used=1098Kb max_used=1122Kb free=4661Kb
 bounds [0x0000027546f40000, 0x00000275471b0000, 0x00000275474e0000]
 total_blobs=629 nmethods=239 adapters=207
 compilation: enabled

Compilation events (10 events):
Event: 0.506 Thread 0x000002755e3f9000  232       3       java.util.AbstractList::listIterator (6 bytes)
Event: 0.506 Thread 0x000002755e3f9000 nmethod 232 0x0000027547536890 code [0x0000027547536a40, 0x0000027547536c70]
Event: 0.506 Thread 0x000002755e3f9000  233       3       java.util.ArrayList$SubList::listIterator (19 bytes)
Event: 0.507 Thread 0x000002755e3f9000 nmethod 233 0x0000027547536d10 code [0x0000027547536f40, 0x0000027547537420]
Event: 0.507 Thread 0x000002755e3f9000  234       3       java.util.ArrayList$SubList::rangeCheckForAdd (26 bytes)
Event: 0.507 Thread 0x000002755e3f9000 nmethod 234 0x0000027547537690 code [0x0000027547537900, 0x0000027547537fb0]
Event: 0.507 Thread 0x000002755e3f9000  237       3       java.util.ArrayList$SubList$1::<init> (42 bytes)
Event: 0.508 Thread 0x000002755e3f9000 nmethod 237 0x0000027547538290 code [0x0000027547538460, 0x00000275475386b8]
Event: 0.508 Thread 0x000002755e3f9000  238       3       java.lang.Integer::parseInt (7 bytes)
Event: 0.508 Thread 0x000002755e3f9000 nmethod 238 0x0000027547538810 code [0x00000275475389c0, 0x0000027547538b50]

GC Heap History (0 events):
No events

Deoptimization events (3 events):
Event: 0.278 Thread 0x000002753bbb5000 Uncommon trap: reason=unstable_if action=reinterpret pc=0x000002754ea129a8 method=java.lang.String.hashCode()I @ 14 c2
Event: 0.419 Thread 0x000002753bbb5000 Uncommon trap: reason=unstable_if action=reinterpret pc=0x000002754ea226fc method=java.lang.String.charAt(I)C @ 4 c2
Event: 0.472 Thread 0x000002753bbb5000 Uncommon trap: reason=unstable_if action=reinterpret pc=0x000002754ea1d8b8 method=java.util.HashMap.putVal(ILjava/lang/Object;Ljava/lang/Object;ZZ)Ljava/lang/Object; @ 69 c2

Classes redefined (2 events):
Event: 26.085 Thread 0x000002755db7e800 redefined class name=MainPart2, count=1
Event: 124.665 Thread 0x000002755db7e800 redefined class name=MainPart2, count=2

Internal exceptions (0 events):
No events

Events (10 events):
Event: 124.667 Executing VM operation: GetFrameCount done
Event: 124.668 Executing VM operation: GetFrameCount
Event: 124.668 Executing VM operation: GetFrameCount done
Event: 124.668 Executing VM operation: GetFrameLocation
Event: 124.668 Executing VM operation: GetFrameLocation done
Event: 124.677 Executing VM operation: ChangeBreakpoints
Event: 124.677 Executing VM operation: ChangeBreakpoints done
Event: 124.680 Executing VM operation: ChangeBreakpoints
Event: 124.680 Executing VM operation: ChangeBreakpoints done
Event: 124.684 Executing VM operation: GetOrSetLocal


Dynamic libraries:
0x00007ff7fe990000 - 0x00007ff7fe9ce000 	C:\Program Files\Java\jdk-10.0.2\bin\java.exe
0x00007ffb8e580000 - 0x00007ffb8e760000 	C:\Windows\SYSTEM32\ntdll.dll
0x00007ffb8cf30000 - 0x00007ffb8cfde000 	C:\Windows\System32\KERNEL32.DLL
0x00007ffb8b590000 - 0x00007ffb8b7f6000 	C:\Windows\System32\KERNELBASE.dll
0x00007ffb8dbf0000 - 0x00007ffb8dc91000 	C:\Windows\System32\ADVAPI32.dll
0x00007ffb8e360000 - 0x00007ffb8e3fd000 	C:\Windows\System32\msvcrt.dll
0x00007ffb8d410000 - 0x00007ffb8d46b000 	C:\Windows\System32\sechost.dll
0x00007ffb8d5b0000 - 0x00007ffb8d6cf000 	C:\Windows\System32\RPCRT4.dll
0x00007ffb8dca0000 - 0x00007ffb8de2f000 	C:\Windows\System32\USER32.dll
0x00007ffb8a9e0000 - 0x00007ffb8aa00000 	C:\Windows\System32\win32u.dll
0x00007ffb8d470000 - 0x00007ffb8d498000 	C:\Windows\System32\GDI32.dll
0x00007ffb8abb0000 - 0x00007ffb8ad43000 	C:\Windows\System32\gdi32full.dll
0x00007ffb8b4f0000 - 0x00007ffb8b58b000 	C:\Windows\System32\msvcp_win.dll
0x00007ffb8aa00000 - 0x00007ffb8aaf5000 	C:\Windows\System32\ucrtbase.dll
0x00007ffb733f0000 - 0x00007ffb73659000 	C:\Windows\WinSxS\amd64_microsoft.windows.common-controls_6595b64144ccf1df_6.0.16299.547_none_15cdd76c936033f5\COMCTL32.dll
0x00007ffb78ce0000 - 0x00007ffb78cea000 	C:\Windows\SYSTEM32\VERSION.dll
0x00007ffb8cfe0000 - 0x00007ffb8d2e7000 	C:\Windows\System32\combase.dll
0x00007ffb8b800000 - 0x00007ffb8b872000 	C:\Windows\System32\bcryptPrimitives.dll
0x00007ffb8dfa0000 - 0x00007ffb8dfcd000 	C:\Windows\System32\IMM32.DLL
0x00007ffb7a320000 - 0x00007ffb7a40f000 	C:\Program Files\Java\jdk-10.0.2\bin\msvcr120.dll
0x00007ffb7a270000 - 0x00007ffb7a316000 	C:\Program Files\Java\jdk-10.0.2\bin\msvcp120.dll
0x00000000748c0000 - 0x0000000075330000 	C:\Program Files\Java\jdk-10.0.2\bin\server\jvm.dll
0x00007ffb8d540000 - 0x00007ffb8d548000 	C:\Windows\System32\PSAPI.DLL
0x00007ffb774b0000 - 0x00007ffb774b9000 	C:\Windows\SYSTEM32\WSOCK32.dll
0x00007ffb82410000 - 0x00007ffb82433000 	C:\Windows\SYSTEM32\WINMM.dll
0x00007ffb8d4a0000 - 0x00007ffb8d50c000 	C:\Windows\System32\WS2_32.dll
0x00007ffb823b0000 - 0x00007ffb823da000 	C:\Windows\SYSTEM32\winmmbase.dll
0x00007ffb8b4a0000 - 0x00007ffb8b4ea000 	C:\Windows\System32\cfgmgr32.dll
0x00007ffb87620000 - 0x00007ffb8762f000 	C:\Program Files\Java\jdk-10.0.2\bin\verify.dll
0x00007ffb893e0000 - 0x00007ffb895a8000 	C:\Windows\SYSTEM32\DBGHELP.DLL
0x00007ffb84b80000 - 0x00007ffb84ba9000 	C:\Windows\SYSTEM32\dbgcore.DLL
0x00007ffb84b10000 - 0x00007ffb84b37000 	C:\Program Files\Java\jdk-10.0.2\bin\java.dll
0x00007ffb6aac0000 - 0x00007ffb6aaf6000 	C:\Program Files\Java\jdk-10.0.2\bin\jdwp.dll
0x00007ffb71430000 - 0x00007ffb7145a000 	C:\Program Files\Java\jdk-10.0.2\bin\instrument.dll
0x00007ffb875c0000 - 0x00007ffb875d6000 	C:\Program Files\Java\jdk-10.0.2\bin\zip.dll
0x00007ffb85b10000 - 0x00007ffb85b1a000 	C:\Program Files\Java\jdk-10.0.2\bin\jimage.dll
0x00007ffb8ba50000 - 0x00007ffb8ce88000 	C:\Windows\System32\SHELL32.dll
0x00007ffb8d2f0000 - 0x00007ffb8d396000 	C:\Windows\System32\shcore.dll
0x00007ffb8ad50000 - 0x00007ffb8b497000 	C:\Windows\System32\windows.storage.dll
0x00007ffb8d3b0000 - 0x00007ffb8d401000 	C:\Windows\System32\shlwapi.dll
0x00007ffb8a940000 - 0x00007ffb8a951000 	C:\Windows\System32\kernel.appcore.dll
0x00007ffb8a8f0000 - 0x00007ffb8a93c000 	C:\Windows\System32\powrprof.dll
0x00007ffb8a8d0000 - 0x00007ffb8a8eb000 	C:\Windows\System32\profapi.dll
0x00007ffb84b00000 - 0x00007ffb84b0a000 	C:\Program Files\Java\jdk-10.0.2\bin\dt_socket.dll
0x00007ffb8a160000 - 0x00007ffb8a1c6000 	C:\Windows\system32\mswsock.dll
0x00007ffb84b60000 - 0x00007ffb84b7a000 	C:\Program Files\Java\jdk-10.0.2\bin\net.dll
0x00007ffb866e0000 - 0x00007ffb867be000 	C:\Windows\SYSTEM32\WINHTTP.dll
0x00007ffb84ac0000 - 0x00007ffb84ad1000 	C:\Program Files\Java\jdk-10.0.2\bin\nio.dll

dbghelp: loaded successfully - version: 4.0.5 - missing functions: none
symbol engine: initialized successfully - sym options: 0x614 - pdb path: .;C:\Program Files\Java\jdk-10.0.2\bin;C:\Windows\SYSTEM32;C:\Windows\WinSxS\amd64_microsoft.windows.common-controls_6595b64144ccf1df_6.0.16299.547_none_15cdd76c936033f5;C:\Program Files\Java\jdk-10.0.2\bin\server

VM Arguments:
jvm_args: -agentlib:jdwp=transport=dt_socket,address=127.0.0.1:50169,suspend=y,server=n -javaagent:C:\Users\pawan\.IntelliJIdea2018.2\system\captureAgent\debugger-agent.jar=file:/C:/Users/pawan/AppData/Local/Temp/capture.props -Dfile.encoding=UTF-8 
java_command: MainPart2
java_class_path (initial): C:\Users\pawan\IdeaProjects\InClass1\out\production\InClass1;C:\Program Files\JetBrains\IntelliJ IDEA 2018.2.1\lib\idea_rt.jar
Launcher Type: SUN_STANDARD

Logging:
Log output configuration:
#0: stdout all=warning uptime,level,tags
#1: stderr all=off uptime,level,tags

Environment Variables:
JAVA_HOME=C:\Program Files (x86)\Java\jdk1.8.0_181
PATH=C:\Program Files (x86)\Common Files\Oracle\Java\javapath;C:\Program Files\Microsoft MPI\Bin\;C:\Program Files (x86)\Intel\Intel(R) Management Engine Components\iCLS\;C:\Program Files\Intel\Intel(R) Management Engine Components\iCLS\;C:\Windows\system32;C:\Windows;C:\Windows\System32\Wbem;C:\Windows\System32\WindowsPowerShell\v1.0\;C:\Program Files (x86)\Intel\Intel(R) Management Engine Components\DAL;C:\Program Files\Intel\Intel(R) Management Engine Components\DAL;C:\Program Files (x86)\Intel\Intel(R) Management Engine Components\IPT;C:\Program Files\Intel\Intel(R) Management Engine Components\IPT;C:\Program Files (x86)\NVIDIA Corporation\PhysX\Common;C:\Program Files\Intel\WiFi\bin\;C:\Program Files\Common Files\Intel\WirelessCommon\;C:\Program Files\dotnet\;C:\Program Files\Microsoft SQL Server\130\Tools\Binn\;C:\Android;C:\Users\pawan\AppData\Local\Microsoft\WindowsApps;
USERNAME=pawan
OS=Windows_NT
PROCESSOR_IDENTIFIER=Intel64 Family 6 Model 158 Stepping 10, GenuineIntel



---------------  S Y S T E M  ---------------

OS: Windows 10 , 64 bit Build 16299 (10.0.16299.431)

CPU:total 12 (initial active 12) (6 cores per cpu, 2 threads per core) family 6 model 158 stepping 10, cmov, cx8, fxsr, mmx, sse, sse2, sse3, ssse3, sse4.1, sse4.2, popcnt, avx, avx2, aes, clmul, erms, 3dnowpref, lzcnt, ht, tsc, tscinvbit, bmi1, bmi2, adx, fma

Memory: 4k page, physical 8177948k(3009052k free), swap 9488668k(2382788k free)

vm_info: Java HotSpot(TM) 64-Bit Server VM (10.0.2+13) for windows-amd64 JRE (10.0.2+13), built on Jun 28 2018 01:57:56 by "mach5one" with MS VC++ 12.0 (VS2013)

END.
